Using pre-set license
Built from '2022.3/release' branch; Version is '2022.3.61f1 (6c53ebaf375d) revision 7099371'; Using compiler version '192829333'; Build Type 'Release'
OS: 'Windows 11  (10.0.26200) 64bit Core' Language: 'fr' Physical Memory: 15694 MB
BatchMode: 1, IsHumanControllingUs: 0, StartBugReporterOnCrash: 0, Is64bit: 1, IsPro: 1

COMMAND LINE ARGUMENTS:
C:\Program Files\Unity\Hub\Editor\2022.3.61f1\Editor\Unity.exe
-adb2
-batchMode
-noUpm
-name
AssetImportWorker8
-projectPath
C:/Users/NOMENAHITANTSOA/monde_infini_test
-logFile
Logs/AssetImportWorker8.log
-srvPort
63223
Successfully changed project path to: C:/Users/NOMENAHITANTSOA/monde_infini_test
C:/Users/NOMENAHITANTSOA/monde_infini_test
[UnityMemory] Configuration Parameters - Can be set up in boot.config
    "memorysetup-bucket-allocator-granularity=16"
    "memorysetup-bucket-allocator-bucket-count=8"
    "memorysetup-bucket-allocator-block-size=33554432"
    "memorysetup-bucket-allocator-block-count=8"
    "memorysetup-main-allocator-block-size=16777216"
    "memorysetup-thread-allocator-block-size=16777216"
    "memorysetup-gfx-main-allocator-block-size=16777216"
    "memorysetup-gfx-thread-allocator-block-size=16777216"
    "memorysetup-cache-allocator-block-size=4194304"
    "memorysetup-typetree-allocator-block-size=2097152"
    "memorysetup-profiler-bucket-allocator-granularity=16"
    "memorysetup-profiler-bucket-allocator-bucket-count=8"
    "memorysetup-profiler-bucket-allocator-block-size=33554432"
    "memorysetup-profiler-bucket-allocator-block-count=8"
    "memorysetup-profiler-allocator-block-size=16777216"
    "memorysetup-profiler-editor-allocator-block-size=1048576"
    "memorysetup-temp-allocator-size-main=16777216"
    "memorysetup-job-temp-allocator-block-size=2097152"
    "memorysetup-job-temp-allocator-block-size-background=1048576"
    "memorysetup-job-temp-allocator-reduction-small-platforms=262144"
    "memorysetup-allocator-temp-initial-block-size-main=262144"
    "memorysetup-allocator-temp-initial-block-size-worker=262144"
    "memorysetup-temp-allocator-size-background-worker=32768"
    "memorysetup-temp-allocator-size-job-worker=262144"
    "memorysetup-temp-allocator-size-preload-manager=33554432"
    "memorysetup-temp-allocator-size-nav-mesh-worker=65536"
    "memorysetup-temp-allocator-size-audio-worker=65536"
    "memorysetup-temp-allocator-size-cloud-worker=32768"
    "memorysetup-temp-allocator-size-gi-baking-worker=262144"
    "memorysetup-temp-allocator-size-gfx=262144"
Player connection [28960]  Target information:

Player connection [28960]  * "[IP] 192.168.100.155 [Port] 0 [Flags] 2 [Guid] 515163399 [EditorId] 515163399 [Version] 1048832 [Id] WindowsEditor(7,AmysHP) [Debug] 1 [PackageName] WindowsEditor [ProjectName] Editor" 

Player connection [28960] Host joined multi-casting on [225.0.0.222:54997]...
Player connection [28960] Host joined alternative multi-casting on [225.0.0.222:34997]...
Input System module state changed to: Initialized.
[PhysX] Initialized MultithreadedTaskDispatcher with 12 workers.
Refreshing native plugins compatible for Editor in 37.63 ms, found 3 plugins.
Preloading 0 native plugins for Editor in 0.00 ms.
Initialize engine version: 2022.3.61f1 (6c53ebaf375d)
[Subsystems] Discovering subsystems at path C:/Program Files/Unity/Hub/Editor/2022.3.61f1/Editor/Data/Resources/UnitySubsystems
[Subsystems] Discovering subsystems at path C:/Users/NOMENAHITANTSOA/monde_infini_test/Assets
GfxDevice: creating device client; threaded=0; jobified=0
Direct3D:
    Version:  Direct3D 11.0 [level 11.1]
    Renderer: AMD Radeon(TM) Graphics (ID=0x164c)
    Vendor:   ATI
    VRAM:     7847 MB
    Driver:   31.0.12044.3
Initialize mono
Mono path[0] = 'C:/Program Files/Unity/Hub/Editor/2022.3.61f1/Editor/Data/Managed'
Mono path[1] = 'C:/Program Files/Unity/Hub/Editor/2022.3.61f1/Editor/Data/MonoBleedingEdge/lib/mono/unityjit-win32'
Mono config path = 'C:/Program Files/Unity/Hub/Editor/2022.3.61f1/Editor/Data/MonoBleedingEdge/etc'
Using monoOptions --debugger-agent=transport=dt_socket,embedding=1,server=y,suspend=n,address=127.0.0.1:56956
Begin MonoManager ReloadAssembly
Registering precompiled unity dll's ...
Register platform support module: C:/Program Files/Unity/Hub/Editor/2022.3.61f1/Editor/Data/PlaybackEngines/AndroidPlayer/UnityEditor.Android.Extensions.dll
Register platform support module: C:/Program Files/Unity/Hub/Editor/2022.3.61f1/Editor/Data/PlaybackEngines/WindowsStandaloneSupport/UnityEditor.WindowsStandalone.Extensions.dll
Registered in 0.016620 seconds.
- Loaded All Assemblies, in  0.861 seconds
Native extension for WindowsStandalone target not found
Native extension for Android target not found
Android Extension - Scanning For ADB Devices 575 ms
Mono: successfully reloaded assembly
- Finished resetting the current domain, in  1.297 seconds
Domain Reload Profiling: 2155ms
	BeginReloadAssembly (246ms)
		ExecutionOrderSort (0ms)
		DisableScriptedObjects (0ms)
		BackupInstance (0ms)
		ReleaseScriptingObjects (0ms)
		CreateAndSetChildDomain (1ms)
	RebuildCommonClasses (110ms)
	RebuildNativeTypeToScriptingClass (28ms)
	initialDomainReloadingComplete (127ms)
	LoadAllAssembliesAndSetupDomain (346ms)
		LoadAssemblies (242ms)
		RebuildTransferFunctionScriptingTraits (0ms)
		AnalyzeDomain (341ms)
			TypeCache.Refresh (339ms)
				TypeCache.ScanAssembly (310ms)
			ScanForSourceGeneratedMonoScriptInfo (1ms)
			ResolveRequiredComponents (1ms)
	FinalizeReload (1298ms)
		ReleaseScriptCaches (0ms)
		RebuildScriptCaches (0ms)
		SetupLoadedEditorAssemblies (1185ms)
			LogAssemblyErrors (0ms)
			InitializePlatformSupportModulesInManaged (751ms)
			SetLoadedEditorAssemblies (10ms)
			RefreshPlugins (0ms)
			BeforeProcessingInitializeOnLoad (5ms)
			ProcessInitializeOnLoadAttributes (289ms)
			ProcessInitializeOnLoadMethodAttributes (131ms)
			AfterProcessingInitializeOnLoad (0ms)
			EditorAssembliesLoaded (0ms)
		ExecutionOrderSort2 (0ms)
		AwakeInstancesAfterBackupRestoration (0ms)
========================================================================
Worker process is ready to serve import requests
Caller must complete domain reload
Begin MonoManager ReloadAssembly
- Loaded All Assemblies, in  1.883 seconds
Native extension for WindowsStandalone target not found
Native extension for Android target not found
Package Manager log level set to [2]
[Package Manager] Server::EnsureServerProcessIsRunning -- launch failed, reason: Unity was launched with the -noUpm command-line argument
[Package Manager] UpmClient::Send -- Unable to send message (not connected to UPM process).
[Package Manager] Cannot connect to Unity Package Manager local server
Mono: successfully reloaded assembly
- Finished resetting the current domain, in  1.835 seconds
Domain Reload Profiling: 3722ms
	BeginReloadAssembly (351ms)
		ExecutionOrderSort (0ms)
		DisableScriptedObjects (13ms)
		BackupInstance (0ms)
		ReleaseScriptingObjects (1ms)
		CreateAndSetChildDomain (43ms)
	RebuildCommonClasses (89ms)
	RebuildNativeTypeToScriptingClass (26ms)
	initialDomainReloadingComplete (77ms)
	LoadAllAssembliesAndSetupDomain (1332ms)
		LoadAssemblies (761ms)
		RebuildTransferFunctionScriptingTraits (0ms)
		AnalyzeDomain (779ms)
			TypeCache.Refresh (650ms)
				TypeCache.ScanAssembly (610ms)
			ScanForSourceGeneratedMonoScriptInfo (94ms)
			ResolveRequiredComponents (31ms)
	FinalizeReload (1847ms)
		ReleaseScriptCaches (0ms)
		RebuildScriptCaches (0ms)
		SetupLoadedEditorAssemblies (1422ms)
			LogAssemblyErrors (0ms)
			InitializePlatformSupportModulesInManaged (41ms)
			SetLoadedEditorAssemblies (11ms)
			RefreshPlugins (0ms)
			BeforeProcessingInitializeOnLoad (220ms)
			ProcessInitializeOnLoadAttributes (948ms)
			ProcessInitializeOnLoadMethodAttributes (187ms)
			AfterProcessingInitializeOnLoad (14ms)
			EditorAssembliesLoaded (0ms)
		ExecutionOrderSort2 (0ms)
		AwakeInstancesAfterBackupRestoration (14ms)
Launched and connected shader compiler UnityShaderCompiler.exe after 0.11 seconds
Refreshing native plugins compatible for Editor in 11.52 ms, found 3 plugins.
Preloading 0 native plugins for Editor in 0.00 ms.
Unloading 6527 Unused Serialized files (Serialized files now loaded: 0)
Unloading 42 unused Assets / (2.2 MB). Loaded Objects now: 7001.
Memory consumption went from 264.2 MB to 262.0 MB.
Total: 10.997100 ms (FindLiveObjects: 1.348100 ms CreateObjectMapping: 1.098300 ms MarkObjects: 7.559800 ms  DeleteObjects: 0.988700 ms)

AssetImportParameters requested are different than current active one (requested -> active):
  custom:container-demuxer-ogg: 62fdf1f143b41e24485cea50d1cbac27 -> 
  custom:framework-win-MediaFoundation: 216162199b28c13a410421893ffa2e32 -> 
  custom:container-muxer-webm: aa71ff27fc2769a1b78a27578f13a17b -> 
  custom:video-decoder-webm-vp8: 9c59270c3fd7afecdb556c50c9e8de78 -> 
  custom:SearchIndexIgnoredProperties: e643bd26f0fe6173181afceb89e7c659 -> 
  custom:AudioImporter_EditorPlatform: d09bf68614088b80899f8185d706f6e7 -> 
  custom:audio-decoder-ogg-vorbis: bf7c407c2cedff20999df2af8eb42d56 -> 
  custom:audio-encoder-webm-vorbis: bf7c407c2cedff20999df2af8eb42d56 -> 
  custom:scripting/monoscript/fileName/WaterReflection.cs: f1c57f2ce2c094032b710e8e5eb21bd7 -> 
  custom:video-codec-MediaFoundation-h265: 746d11721c4dcdbdad8f713fa42b33f4 -> 
  custom:video-decoder-ogg-theora: a1e56fd34408186e4bbccfd4996cb3dc -> 
  custom:CustomObjectIndexerAttribute: 3ead1caaecf1c488f20bcfeb224b6af5 -> 
  custom:container-demuxer-webm: 4f35f7cbe854078d1ac9338744f61a02 -> 
  custom:scripting/monoscript/fileName/GlobalInstancingRenderer.cs: b7de95a3be26a94daf40600851500d60 -> 
  custom:video-encoder-webm-vp8: eb34c28f22e8b96e1ab97ce403110664 -> 
  custom:scripting/monoscript/fileName/ChunkPopulator.cs: 7173d01b16c85aa55a51e45e2d67c158 -> 2d99c558aa914fdfd96e3acbc577ed58
========================================================================
Received Import Request.
  Time since last request: 34254.350138 seconds.
  path: Assets/URP_WasteOvergrowth_SA/Prefabs/Trashbag/Prefab_Trashbag_Spilled.prefab
  artifactKey: Guid(9264a8901c8699b428aa09cbcff139a4) Importer(815301076,1909f56bfc062723c751e8b465ee728b)
Start importing Assets/URP_WasteOvergrowth_SA/Prefabs/Trashbag/Prefab_Trashbag_Spilled.prefab using Guid(9264a8901c8699b428aa09cbcff139a4) Importer(815301076,1909f56bfc062723c751e8b465ee728b) [PhysX] Initialized MultithreadedTaskDispatcher with 12 workers.
[PhysX] Initialized MultithreadedTaskDispatcher with 12 workers.
 -> (artifact id: 'a64742ddfc5f504a373f77627f73a310') in 0.971555 seconds
Number of updated asset objects reloaded before import = 0
Number of asset objects unloaded after import = 57
========================================================================
Received Import Request.
  Time since last request: 29.166339 seconds.
  path: Assets/URP_WasteOvergrowth_SA/Prefabs/Bottles/Mesh_WatterBottle_L.prefab
  artifactKey: Guid(1125ade159568774fabaea18648529ce) Importer(815301076,1909f56bfc062723c751e8b465ee728b)
Start importing Assets/URP_WasteOvergrowth_SA/Prefabs/Bottles/Mesh_WatterBottle_L.prefab using Guid(1125ade159568774fabaea18648529ce) Importer(815301076,1909f56bfc062723c751e8b465ee728b) [PhysX] Initialized MultithreadedTaskDispatcher with 12 workers.
[PhysX] Initialized MultithreadedTaskDispatcher with 12 workers.
 -> (artifact id: '9a89e83d115ec4609a8a50f6d964b100') in 0.083595 seconds
Number of updated asset objects reloaded before import = 0
Number of asset objects unloaded after import = 47
========================================================================
Received Import Request.
  Time since last request: 0.795670 seconds.
  path: Assets/URP_WasteOvergrowth_SA/Prefabs/Bottles/Prefab_BotteCap.prefab
  artifactKey: Guid(8c73ee66eb0a2644e8f76952547b360e) Importer(815301076,1909f56bfc062723c751e8b465ee728b)
Start importing Assets/URP_WasteOvergrowth_SA/Prefabs/Bottles/Prefab_BotteCap.prefab using Guid(8c73ee66eb0a2644e8f76952547b360e) Importer(815301076,1909f56bfc062723c751e8b465ee728b) [PhysX] Initialized MultithreadedTaskDispatcher with 12 workers.
[PhysX] Initialized MultithreadedTaskDispatcher with 12 workers.
 -> (artifact id: '40e6f6ad9bd99a8d32ee46a0cb5a3cb3') in 0.040525 seconds
Number of updated asset objects reloaded before import = 0
Number of asset objects unloaded after import = 21
========================================================================
Received Import Request.
  Time since last request: 0.276135 seconds.
  path: Assets/URP_WasteOvergrowth_SA/Prefabs/Bottles/Prefab_CoffeeCup.prefab
  artifactKey: Guid(0e59768c6a70bd04ebc78cdfb1b7f085) Importer(815301076,1909f56bfc062723c751e8b465ee728b)
Start importing Assets/URP_WasteOvergrowth_SA/Prefabs/Bottles/Prefab_CoffeeCup.prefab using Guid(0e59768c6a70bd04ebc78cdfb1b7f085) Importer(815301076,1909f56bfc062723c751e8b465ee728b) [PhysX] Initialized MultithreadedTaskDispatcher with 12 workers.
[PhysX] Initialized MultithreadedTaskDispatcher with 12 workers.
 -> (artifact id: 'a331fa585be4dde27f72d9485758cd7e') in 0.062828 seconds
Number of updated asset objects reloaded before import = 0
Number of asset objects unloaded after import = 30
========================================================================
Received Import Request.
  Time since last request: 0.162164 seconds.
  path: Assets/URP_WasteOvergrowth_SA/Prefabs/Bottles/Prefab_SodaBottle_L.prefab
  artifactKey: Guid(3b70239e577309b4b9e9cd193e820170) Importer(815301076,1909f56bfc062723c751e8b465ee728b)
Start importing Assets/URP_WasteOvergrowth_SA/Prefabs/Bottles/Prefab_SodaBottle_L.prefab using Guid(3b70239e577309b4b9e9cd193e820170) Importer(815301076,1909f56bfc062723c751e8b465ee728b) [PhysX] Initialized MultithreadedTaskDispatcher with 12 workers.
[PhysX] Initialized MultithreadedTaskDispatcher with 12 workers.
 -> (artifact id: 'e164fa92cab478c2dd06de77a5e8fb16') in 0.049438 seconds
Number of updated asset objects reloaded before import = 0
Number of asset objects unloaded after import = 47
========================================================================
Received Import Request.
  Time since last request: 0.212995 seconds.
  path: Assets/URP_WasteOvergrowth_SA/Prefabs/Bottles/Prefab_SodaCan_2.prefab
  artifactKey: Guid(3aabd8b880e393c41bb80c078fa94711) Importer(815301076,1909f56bfc062723c751e8b465ee728b)
Start importing Assets/URP_WasteOvergrowth_SA/Prefabs/Bottles/Prefab_SodaCan_2.prefab using Guid(3aabd8b880e393c41bb80c078fa94711) Importer(815301076,1909f56bfc062723c751e8b465ee728b) [PhysX] Initialized MultithreadedTaskDispatcher with 12 workers.
[PhysX] Initialized MultithreadedTaskDispatcher with 12 workers.
 -> (artifact id: '9fa4c22cb9a543fcab1b42d4545b13d3') in 0.049948 seconds
Number of updated asset objects reloaded before import = 0
Number of asset objects unloaded after import = 43
========================================================================
Received Import Request.
  Time since last request: 0.173312 seconds.
  path: Assets/URP_WasteOvergrowth_SA/Prefabs/Bottles/Prefab_WaterBottle_S.prefab
  artifactKey: Guid(7e477852a3db8a74a8e8b85ff29c5ebe) Importer(815301076,1909f56bfc062723c751e8b465ee728b)
Start importing Assets/URP_WasteOvergrowth_SA/Prefabs/Bottles/Prefab_WaterBottle_S.prefab using Guid(7e477852a3db8a74a8e8b85ff29c5ebe) Importer(815301076,1909f56bfc062723c751e8b465ee728b) [PhysX] Initialized MultithreadedTaskDispatcher with 12 workers.
[PhysX] Initialized MultithreadedTaskDispatcher with 12 workers.
 -> (artifact id: '9b4c84ceb8f83ff963ad21c1a1861ec3') in 0.068139 seconds
Number of updated asset objects reloaded before import = 0
Number of asset objects unloaded after import = 47
========================================================================
Received Import Request.
  Time since last request: 146.831056 seconds.
  path: Assets/URP_WasteOvergrowth_SA/Prefabs/TrashPile/Prefab_Pile1.prefab
  artifactKey: Guid(061212a3f10dff94aa04101489475a9d) Importer(815301076,1909f56bfc062723c751e8b465ee728b)
Start importing Assets/URP_WasteOvergrowth_SA/Prefabs/TrashPile/Prefab_Pile1.prefab using Guid(061212a3f10dff94aa04101489475a9d) Importer(815301076,1909f56bfc062723c751e8b465ee728b) [PhysX] Initialized MultithreadedTaskDispatcher with 12 workers.
[PhysX] Initialized MultithreadedTaskDispatcher with 12 workers.
 -> (artifact id: '2f860666efb16f355df3ea6ba0202f4f') in 0.062859 seconds
Number of updated asset objects reloaded before import = 0
Number of asset objects unloaded after import = 44
========================================================================
Received Import Request.
  Time since last request: 80.148168 seconds.
  path: Assets/URP_WasteOvergrowth_SA/Prefabs/Paper/Prefab_NewsPaper_flat.prefab
  artifactKey: Guid(6556337ea065d154a993212870d16d28) Importer(815301076,1909f56bfc062723c751e8b465ee728b)
Start importing Assets/URP_WasteOvergrowth_SA/Prefabs/Paper/Prefab_NewsPaper_flat.prefab using Guid(6556337ea065d154a993212870d16d28) Importer(815301076,1909f56bfc062723c751e8b465ee728b) [PhysX] Initialized MultithreadedTaskDispatcher with 12 workers.
 -> (artifact id: '5e59ab5184c2cf95b5e1891d639d49c3') in 0.007889 seconds
Number of updated asset objects reloaded before import = 0
Number of asset objects unloaded after import = 6
========================================================================
Received Import Request.
  Time since last request: 0.000074 seconds.
  path: Assets/URP_WasteOvergrowth_SA/Prefabs/Paper/Prefab_Paper_flat.prefab
  artifactKey: Guid(670ea2d8debb09948a50bddeb9981333) Importer(815301076,1909f56bfc062723c751e8b465ee728b)
Start importing Assets/URP_WasteOvergrowth_SA/Prefabs/Paper/Prefab_Paper_flat.prefab using Guid(670ea2d8debb09948a50bddeb9981333) Importer(815301076,1909f56bfc062723c751e8b465ee728b) [PhysX] Initialized MultithreadedTaskDispatcher with 12 workers.
 -> (artifact id: '44aea1ab729bcb950f967c29e10ca8f1') in 0.008363 seconds
Number of updated asset objects reloaded before import = 0
Number of asset objects unloaded after import = 6
========================================================================
Received Import Request.
  Time since last request: 0.720379 seconds.
  path: Assets/URP_WasteOvergrowth_SA/Prefabs/Paper/Prefab_Paper_flat_2.prefab
  artifactKey: Guid(0dc5e8b544f9412479502fa2a64dc858) Importer(815301076,1909f56bfc062723c751e8b465ee728b)
Start importing Assets/URP_WasteOvergrowth_SA/Prefabs/Paper/Prefab_Paper_flat_2.prefab using Guid(0dc5e8b544f9412479502fa2a64dc858) Importer(815301076,1909f56bfc062723c751e8b465ee728b) [PhysX] Initialized MultithreadedTaskDispatcher with 12 workers.
 -> (artifact id: 'c375b7bdb0b9cba82c29895caacf67e6') in 0.009055 seconds
Number of updated asset objects reloaded before import = 0
Number of asset objects unloaded after import = 6
========================================================================
Received Import Request.
  Time since last request: 0.052568 seconds.
  path: Assets/URP_WasteOvergrowth_SA/Prefabs/Paper/Prefab_Paper_folded.prefab
  artifactKey: Guid(882a95fcdde60dc428683493f707d8ab) Importer(815301076,1909f56bfc062723c751e8b465ee728b)
Start importing Assets/URP_WasteOvergrowth_SA/Prefabs/Paper/Prefab_Paper_folded.prefab using Guid(882a95fcdde60dc428683493f707d8ab) Importer(815301076,1909f56bfc062723c751e8b465ee728b) [PhysX] Initialized MultithreadedTaskDispatcher with 12 workers.
 -> (artifact id: 'de8e0dcef471c2e2fb0228d4d1dd966a') in 0.007412 seconds
Number of updated asset objects reloaded before import = 0
Number of asset objects unloaded after import = 6
========================================================================
Received Import Request.
  Time since last request: 3.006539 seconds.
  path: Assets/URP_WasteOvergrowth_SA/Prefabs/Stain/Prefab_Stain1.prefab
  artifactKey: Guid(082b603ae59d51e43ba3b0162c77fb8f) Importer(815301076,1909f56bfc062723c751e8b465ee728b)
Start importing Assets/URP_WasteOvergrowth_SA/Prefabs/Stain/Prefab_Stain1.prefab using Guid(082b603ae59d51e43ba3b0162c77fb8f) Importer(815301076,1909f56bfc062723c751e8b465ee728b) [PhysX] Initialized MultithreadedTaskDispatcher with 12 workers.
 -> (artifact id: 'c3ed4d8a4babf75dc1caf516dea1dd79') in 0.007747 seconds
Number of updated asset objects reloaded before import = 0
Number of asset objects unloaded after import = 6
========================================================================
Received Import Request.
  Time since last request: 1.774878 seconds.
  path: Assets/URP_WasteOvergrowth_SA/Prefabs/FooDContainer/Prefab_BurgerBox.prefab
  artifactKey: Guid(aa7a5e6f5619e454cbf84bede35b40f5) Importer(815301076,1909f56bfc062723c751e8b465ee728b)
Start importing Assets/URP_WasteOvergrowth_SA/Prefabs/FooDContainer/Prefab_BurgerBox.prefab using Guid(aa7a5e6f5619e454cbf84bede35b40f5) Importer(815301076,1909f56bfc062723c751e8b465ee728b) [PhysX] Initialized MultithreadedTaskDispatcher with 12 workers.
[PhysX] Initialized MultithreadedTaskDispatcher with 12 workers.
 -> (artifact id: 'ae4b02bd3c4157f4081106bf8727f49e') in 0.078943 seconds
Number of updated asset objects reloaded before import = 0
Number of asset objects unloaded after import = 33
========================================================================
Received Import Request.
  Time since last request: 0.000097 seconds.
  path: Assets/URP_WasteOvergrowth_SA/Prefabs/FooDContainer/Prefab_SaiceCup.prefab
  artifactKey: Guid(b29faf6740cb849438e53d55497b58ee) Importer(815301076,1909f56bfc062723c751e8b465ee728b)
Start importing Assets/URP_WasteOvergrowth_SA/Prefabs/FooDContainer/Prefab_SaiceCup.prefab using Guid(b29faf6740cb849438e53d55497b58ee) Importer(815301076,1909f56bfc062723c751e8b465ee728b) [PhysX] Initialized MultithreadedTaskDispatcher with 12 workers.
[PhysX] Initialized MultithreadedTaskDispatcher with 12 workers.
 -> (artifact id: '0eaeb2e31f3815a2595d0f6f308f2722') in 0.074972 seconds
Number of updated asset objects reloaded before import = 0
Number of asset objects unloaded after import = 30
========================================================================
Received Import Request.
  Time since last request: 153.464663 seconds.
  path: Assets/Resources/POI/POI_Trash.prefab
  artifactKey: Guid(e597acc91049be14495bec887cc45e4e) Importer(815301076,1909f56bfc062723c751e8b465ee728b)
Start importing Assets/Resources/POI/POI_Trash.prefab using Guid(e597acc91049be14495bec887cc45e4e) Importer(815301076,1909f56bfc062723c751e8b465ee728b) [PhysX] Initialized MultithreadedTaskDispatcher with 12 workers.
[PhysX] Initialized MultithreadedTaskDispatcher with 12 workers.
 -> (artifact id: 'ea26a54a826e8e6e9a4a99564201bcd1') in 0.461792 seconds
Number of updated asset objects reloaded before import = 0
Number of asset objects unloaded after import = 2244
========================================================================
Received Prepare
Caller must complete domain reload
Begin MonoManager ReloadAssembly
- Loaded All Assemblies, in  1.369 seconds
Native extension for WindowsStandalone target not found
Native extension for Android target not found
[Package Manager] Server::EnsureServerProcessIsRunning -- launch failed, reason: Unity was launched with the -noUpm command-line argument
[Package Manager] UpmClient::Send -- Unable to send message (not connected to UPM process).
[Package Manager] Cannot connect to Unity Package Manager local server
Mono: successfully reloaded assembly
- Finished resetting the current domain, in  3.984 seconds
Domain Reload Profiling: 5339ms
	BeginReloadAssembly (467ms)
		ExecutionOrderSort (0ms)
		DisableScriptedObjects (27ms)
		BackupInstance (0ms)
		ReleaseScriptingObjects (0ms)
		CreateAndSetChildDomain (120ms)
	RebuildCommonClasses (85ms)
	RebuildNativeTypeToScriptingClass (32ms)
	initialDomainReloadingComplete (80ms)
	LoadAllAssembliesAndSetupDomain (690ms)
		LoadAssemblies (875ms)
		RebuildTransferFunctionScriptingTraits (0ms)
		AnalyzeDomain (53ms)
			TypeCache.Refresh (14ms)
				TypeCache.ScanAssembly (0ms)
			ScanForSourceGeneratedMonoScriptInfo (0ms)
			ResolveRequiredComponents (37ms)
	FinalizeReload (3985ms)
		ReleaseScriptCaches (0ms)
		RebuildScriptCaches (0ms)
		SetupLoadedEditorAssemblies (1627ms)
			LogAssemblyErrors (0ms)
			InitializePlatformSupportModulesInManaged (45ms)
			SetLoadedEditorAssemblies (12ms)
			RefreshPlugins (0ms)
			BeforeProcessingInitializeOnLoad (273ms)
			ProcessInitializeOnLoadAttributes (1079ms)
			ProcessInitializeOnLoadMethodAttributes (201ms)
			AfterProcessingInitializeOnLoad (16ms)
			EditorAssembliesLoaded (1ms)
		ExecutionOrderSort2 (0ms)
		AwakeInstancesAfterBackupRestoration (44ms)
Refreshing native plugins compatible for Editor in 16.61 ms, found 3 plugins.
Preloading 0 native plugins for Editor in 0.00 ms.
Unloading 6319 Unused Serialized files (Serialized files now loaded: 0)
Unloading 36 unused Assets / (2.2 MB). Loaded Objects now: 7051.
Memory consumption went from 230.4 MB to 228.2 MB.
Total: 11.029600 ms (FindLiveObjects: 1.047500 ms CreateObjectMapping: 0.891400 ms MarkObjects: 8.023000 ms  DeleteObjects: 1.065000 ms)

Prepare: number of updated asset objects reloaded= 0
AssetImportParameters requested are different than current active one (requested -> active):
  custom:container-demuxer-ogg: 62fdf1f143b41e24485cea50d1cbac27 -> 
  custom:framework-win-MediaFoundation: 216162199b28c13a410421893ffa2e32 -> 
  custom:container-muxer-webm: aa71ff27fc2769a1b78a27578f13a17b -> 
  custom:video-decoder-webm-vp8: 9c59270c3fd7afecdb556c50c9e8de78 -> 
  custom:SearchIndexIgnoredProperties: e643bd26f0fe6173181afceb89e7c659 -> 
  custom:AudioImporter_EditorPlatform: d09bf68614088b80899f8185d706f6e7 -> 
  custom:audio-decoder-ogg-vorbis: bf7c407c2cedff20999df2af8eb42d56 -> 
  custom:audio-encoder-webm-vorbis: bf7c407c2cedff20999df2af8eb42d56 -> 
  custom:scripting/monoscript/fileName/WaterReflection.cs: f1c57f2ce2c094032b710e8e5eb21bd7 -> 
  custom:video-codec-MediaFoundation-h265: 746d11721c4dcdbdad8f713fa42b33f4 -> 
  custom:video-decoder-ogg-theora: a1e56fd34408186e4bbccfd4996cb3dc -> 
  custom:CustomObjectIndexerAttribute: 3ead1caaecf1c488f20bcfeb224b6af5 -> 
  custom:container-demuxer-webm: 4f35f7cbe854078d1ac9338744f61a02 -> 
  custom:scripting/monoscript/fileName/GlobalInstancingRenderer.cs: b7de95a3be26a94daf40600851500d60 -> 
  custom:video-encoder-webm-vp8: eb34c28f22e8b96e1ab97ce403110664 -> 
  custom:scripting/monoscript/fileName/ChunkPopulator.cs: 7173d01b16c85aa55a51e45e2d67c158 -> 2d99c558aa914fdfd96e3acbc577ed58
========================================================================
Received Import Request.
  Time since last request: 278.503728 seconds.
  path: Assets/Resources/POI/POI_Trash.prefab
  artifactKey: Guid(e597acc91049be14495bec887cc45e4e) Importer(815301076,1909f56bfc062723c751e8b465ee728b)
Start importing Assets/Resources/POI/POI_Trash.prefab using Guid(e597acc91049be14495bec887cc45e4e) Importer(815301076,1909f56bfc062723c751e8b465ee728b) [PhysX] Initialized MultithreadedTaskDispatcher with 12 workers.
[PhysX] Initialized MultithreadedTaskDispatcher with 12 workers.
 -> (artifact id: '1b3bb382f37a64a93c2dc0e766acc8ce') in 1.066214 seconds
Number of updated asset objects reloaded before import = 0
Number of asset objects unloaded after import = 2262
========================================================================
Received Import Request.
  Time since last request: 905.208464 seconds.
  path: Assets/Backrock Studios/LowPoly-Animals/Water/Fish_3/Fish_3_Animated.fbx
  artifactKey: Guid(67a05fb2cf20c3d41b72f3cc720def5d) Importer(815301076,1909f56bfc062723c751e8b465ee728b)
Start importing Assets/Backrock Studios/LowPoly-Animals/Water/Fish_3/Fish_3_Animated.fbx using Guid(67a05fb2cf20c3d41b72f3cc720def5d) Importer(815301076,1909f56bfc062723c751e8b465ee728b) [PhysX] Initialized MultithreadedTaskDispatcher with 12 workers.
[PhysX] Initialized MultithreadedTaskDispatcher with 12 workers.
[PhysX] Initialized MultithreadedTaskDispatcher with 12 workers.
[PhysX] Initialized MultithreadedTaskDispatcher with 12 workers.
[PhysX] Initialized MultithreadedTaskDispatcher with 12 workers.
 -> (artifact id: 'f47b592c6850093a74958e29317887f2') in 0.240498 seconds
Number of updated asset objects reloaded before import = 0
Number of asset objects unloaded after import = 62
========================================================================
Received Import Request.
  Time since last request: 244.830650 seconds.
  path: Assets/Backrock Studios/LowPoly-Animals/Water/Fish_4/fish_4.fbx
  artifactKey: Guid(d12e71447f7b73040a0b0fbe2df69453) Importer(815301076,1909f56bfc062723c751e8b465ee728b)
Start importing Assets/Backrock Studios/LowPoly-Animals/Water/Fish_4/fish_4.fbx using Guid(d12e71447f7b73040a0b0fbe2df69453) Importer(815301076,1909f56bfc062723c751e8b465ee728b) [PhysX] Initialized MultithreadedTaskDispatcher with 12 workers.
[PhysX] Initialized MultithreadedTaskDispatcher with 12 workers.
[PhysX] Initialized MultithreadedTaskDispatcher with 12 workers.
[PhysX] Initialized MultithreadedTaskDispatcher with 12 workers.
[PhysX] Initialized MultithreadedTaskDispatcher with 12 workers.
 -> (artifact id: '769fee2d2ffac66222f39f7f24132326') in 0.134286 seconds
Number of updated asset objects reloaded before import = 0
Number of asset objects unloaded after import = 134
========================================================================
Received Prepare
Caller must complete domain reload
Begin MonoManager ReloadAssembly
- Loaded All Assemblies, in  1.312 seconds
Native extension for WindowsStandalone target not found
Native extension for Android target not found
[Package Manager] Server::EnsureServerProcessIsRunning -- launch failed, reason: Unity was launched with the -noUpm command-line argument
[Package Manager] UpmClient::Send -- Unable to send message (not connected to UPM process).
[Package Manager] Cannot connect to Unity Package Manager local server
Mono: successfully reloaded assembly
- Finished resetting the current domain, in  4.441 seconds
Domain Reload Profiling: 5744ms
	BeginReloadAssembly (437ms)
		ExecutionOrderSort (0ms)
		DisableScriptedObjects (26ms)
		BackupInstance (0ms)
		ReleaseScriptingObjects (0ms)
		CreateAndSetChildDomain (101ms)
	RebuildCommonClasses (97ms)
	RebuildNativeTypeToScriptingClass (31ms)
	initialDomainReloadingComplete (96ms)
	LoadAllAssembliesAndSetupDomain (640ms)
		LoadAssemblies (812ms)
		RebuildTransferFunctionScriptingTraits (0ms)
		AnalyzeDomain (49ms)
			TypeCache.Refresh (14ms)
				TypeCache.ScanAssembly (0ms)
			ScanForSourceGeneratedMonoScriptInfo (0ms)
			ResolveRequiredComponents (31ms)
	FinalizeReload (4443ms)
		ReleaseScriptCaches (0ms)
		RebuildScriptCaches (0ms)
		SetupLoadedEditorAssemblies (1752ms)
			LogAssemblyErrors (0ms)
			InitializePlatformSupportModulesInManaged (53ms)
			SetLoadedEditorAssemblies (12ms)
			RefreshPlugins (0ms)
			BeforeProcessingInitializeOnLoad (343ms)
			ProcessInitializeOnLoadAttributes (1124ms)
			ProcessInitializeOnLoadMethodAttributes (201ms)
			AfterProcessingInitializeOnLoad (18ms)
			EditorAssembliesLoaded (1ms)
		ExecutionOrderSort2 (0ms)
		AwakeInstancesAfterBackupRestoration (43ms)
Refreshing native plugins compatible for Editor in 17.87 ms, found 3 plugins.
Preloading 0 native plugins for Editor in 0.00 ms.
Unloading 6319 Unused Serialized files (Serialized files now loaded: 0)
Unloading 36 unused Assets / (2.2 MB). Loaded Objects now: 7128.
Memory consumption went from 235.3 MB to 233.1 MB.
Total: 11.550100 ms (FindLiveObjects: 1.091800 ms CreateObjectMapping: 0.735800 ms MarkObjects: 8.588500 ms  DeleteObjects: 1.130900 ms)

Prepare: number of updated asset objects reloaded= 0
AssetImportParameters requested are different than current active one (requested -> active):
  custom:container-demuxer-ogg: 62fdf1f143b41e24485cea50d1cbac27 -> 
  custom:framework-win-MediaFoundation: 216162199b28c13a410421893ffa2e32 -> 
  custom:container-muxer-webm: aa71ff27fc2769a1b78a27578f13a17b -> 
  custom:video-decoder-webm-vp8: 9c59270c3fd7afecdb556c50c9e8de78 -> 
  custom:SearchIndexIgnoredProperties: e643bd26f0fe6173181afceb89e7c659 -> 
  custom:AudioImporter_EditorPlatform: d09bf68614088b80899f8185d706f6e7 -> 
  custom:audio-decoder-ogg-vorbis: bf7c407c2cedff20999df2af8eb42d56 -> 
  custom:audio-encoder-webm-vorbis: bf7c407c2cedff20999df2af8eb42d56 -> 
  custom:scripting/monoscript/fileName/WaterReflection.cs: f1c57f2ce2c094032b710e8e5eb21bd7 -> 
  custom:video-codec-MediaFoundation-h265: 746d11721c4dcdbdad8f713fa42b33f4 -> 
  custom:video-decoder-ogg-theora: a1e56fd34408186e4bbccfd4996cb3dc -> 
  custom:CustomObjectIndexerAttribute: 3ead1caaecf1c488f20bcfeb224b6af5 -> 
  custom:container-demuxer-webm: 4f35f7cbe854078d1ac9338744f61a02 -> 
  custom:scripting/monoscript/fileName/GlobalInstancingRenderer.cs: b7de95a3be26a94daf40600851500d60 -> 
  custom:video-encoder-webm-vp8: eb34c28f22e8b96e1ab97ce403110664 -> 
  custom:scripting/monoscript/fileName/ChunkPopulator.cs: 7173d01b16c85aa55a51e45e2d67c158 -> 2d99c558aa914fdfd96e3acbc577ed58
========================================================================
Received Import Request.
  Time since last request: 37.144791 seconds.
  path: Assets/Backrock Studios/LowPoly-Animals/Water/Dolphin/Dolfin_Animated.fbx
  artifactKey: Guid(022485f29bd7da742a91f941d60320e9) Importer(815301076,1909f56bfc062723c751e8b465ee728b)
Start importing Assets/Backrock Studios/LowPoly-Animals/Water/Dolphin/Dolfin_Animated.fbx using Guid(022485f29bd7da742a91f941d60320e9) Importer(815301076,1909f56bfc062723c751e8b465ee728b) [PhysX] Initialized MultithreadedTaskDispatcher with 12 workers.
[PhysX] Initialized MultithreadedTaskDispatcher with 12 workers.
[PhysX] Initialized MultithreadedTaskDispatcher with 12 workers.
[PhysX] Initialized MultithreadedTaskDispatcher with 12 workers.
[PhysX] Initialized MultithreadedTaskDispatcher with 12 workers.
 -> (artifact id: '4afefbe1aa7a9068c46ac1b1498e5004') in 0.810191 seconds
Number of updated asset objects reloaded before import = 0
Number of asset objects unloaded after import = 70
========================================================================
Received Import Request.
  Time since last request: 57.688562 seconds.
  path: Assets/Backrock Studios/LowPoly-Animals/Water/Fish_1/Fish_1_Animated.fbx
  artifactKey: Guid(a9926c2766fb5394a860934fe4e34c4a) Importer(815301076,1909f56bfc062723c751e8b465ee728b)
Start importing Assets/Backrock Studios/LowPoly-Animals/Water/Fish_1/Fish_1_Animated.fbx using Guid(a9926c2766fb5394a860934fe4e34c4a) Importer(815301076,1909f56bfc062723c751e8b465ee728b) [PhysX] Initialized MultithreadedTaskDispatcher with 12 workers.
[PhysX] Initialized MultithreadedTaskDispatcher with 12 workers.
[PhysX] Initialized MultithreadedTaskDispatcher with 12 workers.
[PhysX] Initialized MultithreadedTaskDispatcher with 12 workers.
[PhysX] Initialized MultithreadedTaskDispatcher with 12 workers.
 -> (artifact id: 'a2c04e912bac8e4b2e3ee223749a03db') in 2.169445 seconds
Number of updated asset objects reloaded before import = 0
Number of asset objects unloaded after import = 78
========================================================================
Received Import Request.
  Time since last request: 0.190893 seconds.
  path: Assets/Backrock Studios/LowPoly-Animals/Water/Fish_2/Fish_2_Animated.fbx
  artifactKey: Guid(47c7cc2f9dfbc1944a1ceb65da672419) Importer(815301076,1909f56bfc062723c751e8b465ee728b)
Start importing Assets/Backrock Studios/LowPoly-Animals/Water/Fish_2/Fish_2_Animated.fbx using Guid(47c7cc2f9dfbc1944a1ceb65da672419) Importer(815301076,1909f56bfc062723c751e8b465ee728b) [PhysX] Initialized MultithreadedTaskDispatcher with 12 workers.
[PhysX] Initialized MultithreadedTaskDispatcher with 12 workers.
[PhysX] Initialized MultithreadedTaskDispatcher with 12 workers.
[PhysX] Initialized MultithreadedTaskDispatcher with 12 workers.
[PhysX] Initialized MultithreadedTaskDispatcher with 12 workers.
 -> (artifact id: '6971d84b2e9f975a5c213a4a43427b9d') in 0.097149 seconds
Number of updated asset objects reloaded before import = 0
Number of asset objects unloaded after import = 70
========================================================================
Received Prepare
Caller must complete domain reload
Begin MonoManager ReloadAssembly
- Loaded All Assemblies, in  1.226 seconds
Native extension for WindowsStandalone target not found
Native extension for Android target not found
[Package Manager] Server::EnsureServerProcessIsRunning -- launch failed, reason: Unity was launched with the -noUpm command-line argument
[Package Manager] UpmClient::Send -- Unable to send message (not connected to UPM process).
[Package Manager] Cannot connect to Unity Package Manager local server
Mono: successfully reloaded assembly
- Finished resetting the current domain, in  3.996 seconds
Domain Reload Profiling: 5215ms
	BeginReloadAssembly (437ms)
		ExecutionOrderSort (0ms)
		DisableScriptedObjects (29ms)
		BackupInstance (0ms)
		ReleaseScriptingObjects (0ms)
		CreateAndSetChildDomain (104ms)
	RebuildCommonClasses (75ms)
	RebuildNativeTypeToScriptingClass (30ms)
	initialDomainReloadingComplete (67ms)
	LoadAllAssembliesAndSetupDomain (609ms)
		LoadAssemblies (779ms)
		RebuildTransferFunctionScriptingTraits (0ms)
		AnalyzeDomain (48ms)
			TypeCache.Refresh (13ms)
				TypeCache.ScanAssembly (0ms)
			ScanForSourceGeneratedMonoScriptInfo (0ms)
			ResolveRequiredComponents (30ms)
	FinalizeReload (3998ms)
		ReleaseScriptCaches (0ms)
		RebuildScriptCaches (0ms)
		SetupLoadedEditorAssemblies (1664ms)
			LogAssemblyErrors (0ms)
			InitializePlatformSupportModulesInManaged (50ms)
			SetLoadedEditorAssemblies (13ms)
			RefreshPlugins (0ms)
			BeforeProcessingInitializeOnLoad (254ms)
			ProcessInitializeOnLoadAttributes (1101ms)
			ProcessInitializeOnLoadMethodAttributes (226ms)
			AfterProcessingInitializeOnLoad (19ms)
			EditorAssembliesLoaded (0ms)
		ExecutionOrderSort2 (0ms)
		AwakeInstancesAfterBackupRestoration (49ms)
Refreshing native plugins compatible for Editor in 15.59 ms, found 3 plugins.
Preloading 0 native plugins for Editor in 0.00 ms.
Unloading 6320 Unused Serialized files (Serialized files now loaded: 0)
Unloading 35 unused Assets / (2.2 MB). Loaded Objects now: 7169.
Memory consumption went from 236.0 MB to 233.8 MB.
Total: 10.515500 ms (FindLiveObjects: 1.479900 ms CreateObjectMapping: 0.835500 ms MarkObjects: 7.253500 ms  DeleteObjects: 0.944100 ms)

Prepare: number of updated asset objects reloaded= 0
AssetImportParameters requested are different than current active one (requested -> active):
  custom:container-demuxer-ogg: 62fdf1f143b41e24485cea50d1cbac27 -> 
  custom:framework-win-MediaFoundation: 216162199b28c13a410421893ffa2e32 -> 
  custom:container-muxer-webm: aa71ff27fc2769a1b78a27578f13a17b -> 
  custom:video-decoder-webm-vp8: 9c59270c3fd7afecdb556c50c9e8de78 -> 
  custom:SearchIndexIgnoredProperties: e643bd26f0fe6173181afceb89e7c659 -> 
  custom:AudioImporter_EditorPlatform: d09bf68614088b80899f8185d706f6e7 -> 
  custom:audio-decoder-ogg-vorbis: bf7c407c2cedff20999df2af8eb42d56 -> 
  custom:audio-encoder-webm-vorbis: bf7c407c2cedff20999df2af8eb42d56 -> 
  custom:scripting/monoscript/fileName/WaterReflection.cs: f1c57f2ce2c094032b710e8e5eb21bd7 -> 
  custom:video-codec-MediaFoundation-h265: 746d11721c4dcdbdad8f713fa42b33f4 -> 
  custom:video-decoder-ogg-theora: a1e56fd34408186e4bbccfd4996cb3dc -> 
  custom:CustomObjectIndexerAttribute: 3ead1caaecf1c488f20bcfeb224b6af5 -> 
  custom:container-demuxer-webm: 4f35f7cbe854078d1ac9338744f61a02 -> 
  custom:scripting/monoscript/fileName/GlobalInstancingRenderer.cs: b7de95a3be26a94daf40600851500d60 -> 
  custom:video-encoder-webm-vp8: eb34c28f22e8b96e1ab97ce403110664 -> 
  custom:scripting/monoscript/fileName/ChunkPopulator.cs: 7173d01b16c85aa55a51e45e2d67c158 -> 2d99c558aa914fdfd96e3acbc577ed58
========================================================================
Received Import Request.
  Time since last request: 574.550008 seconds.
  path: Assets/Backrock Studios/LowPoly-Animals
  artifactKey: Guid(829b8cdd3a536ff4b8ee09bb6fa97d67) Importer(815301076,1909f56bfc062723c751e8b465ee728b)
Start importing Assets/Backrock Studios/LowPoly-Animals using Guid(829b8cdd3a536ff4b8ee09bb6fa97d67) Importer(815301076,1909f56bfc062723c751e8b465ee728b) [PhysX] Initialized MultithreadedTaskDispatcher with 12 workers.
 -> (artifact id: '9dd94971b63a5a2d49435c4db2b1d5bf') in 0.008505 seconds
Number of updated asset objects reloaded before import = 0
Number of asset objects unloaded after import = 0
========================================================================
Received Import Request.
  Time since last request: 2.580173 seconds.
  path: Assets/Backrock Studios/LowPoly-Animals/Prefabs
  artifactKey: Guid(2a55c0407592281449f001a10585917d) Importer(815301076,1909f56bfc062723c751e8b465ee728b)
Start importing Assets/Backrock Studios/LowPoly-Animals/Prefabs using Guid(2a55c0407592281449f001a10585917d) Importer(815301076,1909f56bfc062723c751e8b465ee728b) [PhysX] Initialized MultithreadedTaskDispatcher with 12 workers.
 -> (artifact id: 'f48864bcb0f7ae621d8a9b1ae37c2b17') in 0.002698 seconds
Number of updated asset objects reloaded before import = 0
Number of asset objects unloaded after import = 0
========================================================================
Received Import Request.
  Time since last request: 4.363076 seconds.
  path: Assets/Backrock Studios/LowPoly-Animals/Prefabs/Dolphin
  artifactKey: Guid(f147b00b40153ca44b2cd2f845a94a48) Importer(815301076,1909f56bfc062723c751e8b465ee728b)
Start importing Assets/Backrock Studios/LowPoly-Animals/Prefabs/Dolphin using Guid(f147b00b40153ca44b2cd2f845a94a48) Importer(815301076,1909f56bfc062723c751e8b465ee728b) [PhysX] Initialized MultithreadedTaskDispatcher with 12 workers.
 -> (artifact id: 'c2cb1ea5929d11a003b0ef1f5a738da4') in 0.002106 seconds
Number of updated asset objects reloaded before import = 0
Number of asset objects unloaded after import = 0
========================================================================
Received Import Request.
  Time since last request: 0.061051 seconds.
  path: Assets/Backrock Studios/LowPoly-Animals/Prefabs/Dolphin/Dolfin_v2.prefab
  artifactKey: Guid(7a61db58151403045b5c280ffcde6bba) Importer(815301076,1909f56bfc062723c751e8b465ee728b)
Start importing Assets/Backrock Studios/LowPoly-Animals/Prefabs/Dolphin/Dolfin_v2.prefab using Guid(7a61db58151403045b5c280ffcde6bba) Importer(815301076,1909f56bfc062723c751e8b465ee728b) [PhysX] Initialized MultithreadedTaskDispatcher with 12 workers.
[PhysX] Initialized MultithreadedTaskDispatcher with 12 workers.
 -> (artifact id: 'd544ac412c52dce6aa12ce105ed0c633') in 0.748619 seconds
Number of updated asset objects reloaded before import = 0
Number of asset objects unloaded after import = 74
========================================================================
Received Import Request.
  Time since last request: 0.000097 seconds.
  path: Assets/Backrock Studios/LowPoly-Animals/Prefabs/Dolphin/Dolfin_v5.prefab
  artifactKey: Guid(2831ca2891b9a654893d79f4b3f07c7d) Importer(815301076,1909f56bfc062723c751e8b465ee728b)
Start importing Assets/Backrock Studios/LowPoly-Animals/Prefabs/Dolphin/Dolfin_v5.prefab using Guid(2831ca2891b9a654893d79f4b3f07c7d) Importer(815301076,1909f56bfc062723c751e8b465ee728b) [PhysX] Initialized MultithreadedTaskDispatcher with 12 workers.
[PhysX] Initialized MultithreadedTaskDispatcher with 12 workers.
 -> (artifact id: '5cfb83578960e34adfa61b2b5f1eb8f1') in 0.059637 seconds
Number of updated asset objects reloaded before import = 0
Number of asset objects unloaded after import = 56
========================================================================
Received Import Request.
  Time since last request: 0.000107 seconds.
  path: Assets/Backrock Studios/LowPoly-Animals/Prefabs/Dolphin/Dolfin_v4.prefab
  artifactKey: Guid(353ad677381df9c4ba8f077ed40f0a70) Importer(815301076,1909f56bfc062723c751e8b465ee728b)
Start importing Assets/Backrock Studios/LowPoly-Animals/Prefabs/Dolphin/Dolfin_v4.prefab using Guid(353ad677381df9c4ba8f077ed40f0a70) Importer(815301076,1909f56bfc062723c751e8b465ee728b) [PhysX] Initialized MultithreadedTaskDispatcher with 12 workers.
[PhysX] Initialized MultithreadedTaskDispatcher with 12 workers.
 -> (artifact id: 'fab61189729ebaab5ae7ac7f3ce6c89a') in 0.049546 seconds
Number of updated asset objects reloaded before import = 0
Number of asset objects unloaded after import = 56
========================================================================
Received Import Request.
  Time since last request: 0.732636 seconds.
  path: Assets/Backrock Studios/LowPoly-Animals/Prefabs/Dolphin/Dolfin_v1.prefab
  artifactKey: Guid(45977e3d2717782469ccbd471a526680) Importer(815301076,1909f56bfc062723c751e8b465ee728b)
Start importing Assets/Backrock Studios/LowPoly-Animals/Prefabs/Dolphin/Dolfin_v1.prefab using Guid(45977e3d2717782469ccbd471a526680) Importer(815301076,1909f56bfc062723c751e8b465ee728b) [PhysX] Initialized MultithreadedTaskDispatcher with 12 workers.
[PhysX] Initialized MultithreadedTaskDispatcher with 12 workers.
 -> (artifact id: 'd9b63f3166b61a8d4cf257ffdf96d927') in 0.088564 seconds
Number of updated asset objects reloaded before import = 0
Number of asset objects unloaded after import = 102
========================================================================
Received Prepare
Caller must complete domain reload
Begin MonoManager ReloadAssembly
- Loaded All Assemblies, in  1.251 seconds
Native extension for WindowsStandalone target not found
Native extension for Android target not found
[Package Manager] Server::EnsureServerProcessIsRunning -- launch failed, reason: Unity was launched with the -noUpm command-line argument
[Package Manager] UpmClient::Send -- Unable to send message (not connected to UPM process).
[Package Manager] Cannot connect to Unity Package Manager local server
Mono: successfully reloaded assembly
- Finished resetting the current domain, in  4.125 seconds
Domain Reload Profiling: 5363ms
	BeginReloadAssembly (408ms)
		ExecutionOrderSort (0ms)
		DisableScriptedObjects (26ms)
		BackupInstance (0ms)
		ReleaseScriptingObjects (0ms)
		CreateAndSetChildDomain (93ms)
	RebuildCommonClasses (96ms)
	RebuildNativeTypeToScriptingClass (34ms)
	initialDomainReloadingComplete (84ms)
	LoadAllAssembliesAndSetupDomain (616ms)
		LoadAssemblies (779ms)
		RebuildTransferFunctionScriptingTraits (0ms)
		AnalyzeDomain (49ms)
			TypeCache.Refresh (13ms)
				TypeCache.ScanAssembly (0ms)
			ScanForSourceGeneratedMonoScriptInfo (1ms)
			ResolveRequiredComponents (32ms)
	FinalizeReload (4126ms)
		ReleaseScriptCaches (0ms)
		RebuildScriptCaches (0ms)
		SetupLoadedEditorAssemblies (1661ms)
			LogAssemblyErrors (0ms)
			InitializePlatformSupportModulesInManaged (50ms)
			SetLoadedEditorAssemblies (14ms)
			RefreshPlugins (0ms)
			BeforeProcessingInitializeOnLoad (238ms)
			ProcessInitializeOnLoadAttributes (1127ms)
			ProcessInitializeOnLoadMethodAttributes (213ms)
			AfterProcessingInitializeOnLoad (19ms)
			EditorAssembliesLoaded (1ms)
		ExecutionOrderSort2 (0ms)
		AwakeInstancesAfterBackupRestoration (57ms)
Refreshing native plugins compatible for Editor in 12.97 ms, found 3 plugins.
Preloading 0 native plugins for Editor in 0.00 ms.
Unloading 6319 Unused Serialized files (Serialized files now loaded: 0)
Unloading 35 unused Assets / (2.2 MB). Loaded Objects now: 7209.
Memory consumption went from 235.8 MB to 233.6 MB.
Total: 10.289000 ms (FindLiveObjects: 1.049600 ms CreateObjectMapping: 1.073200 ms MarkObjects: 7.191400 ms  DeleteObjects: 0.972000 ms)

Prepare: number of updated asset objects reloaded= 0
AssetImportParameters requested are different than current active one (requested -> active):
  custom:container-demuxer-ogg: 62fdf1f143b41e24485cea50d1cbac27 -> 
  custom:framework-win-MediaFoundation: 216162199b28c13a410421893ffa2e32 -> 
  custom:container-muxer-webm: aa71ff27fc2769a1b78a27578f13a17b -> 
  custom:video-decoder-webm-vp8: 9c59270c3fd7afecdb556c50c9e8de78 -> 
  custom:SearchIndexIgnoredProperties: e643bd26f0fe6173181afceb89e7c659 -> 
  custom:AudioImporter_EditorPlatform: d09bf68614088b80899f8185d706f6e7 -> 
  custom:audio-decoder-ogg-vorbis: bf7c407c2cedff20999df2af8eb42d56 -> 
  custom:audio-encoder-webm-vorbis: bf7c407c2cedff20999df2af8eb42d56 -> 
  custom:scripting/monoscript/fileName/WaterReflection.cs: f1c57f2ce2c094032b710e8e5eb21bd7 -> 
  custom:video-codec-MediaFoundation-h265: 746d11721c4dcdbdad8f713fa42b33f4 -> 
  custom:video-decoder-ogg-theora: a1e56fd34408186e4bbccfd4996cb3dc -> 
  custom:CustomObjectIndexerAttribute: 3ead1caaecf1c488f20bcfeb224b6af5 -> 
  custom:container-demuxer-webm: 4f35f7cbe854078d1ac9338744f61a02 -> 
  custom:scripting/monoscript/fileName/GlobalInstancingRenderer.cs: b7de95a3be26a94daf40600851500d60 -> 
  custom:video-encoder-webm-vp8: eb34c28f22e8b96e1ab97ce403110664 -> 
  custom:scripting/monoscript/fileName/ChunkPopulator.cs: 7173d01b16c85aa55a51e45e2d67c158 -> 2d99c558aa914fdfd96e3acbc577ed58
========================================================================
Received Import Request.
  Time since last request: 42.229182 seconds.
  path: Assets/Backrock Studios/LowPoly-Animals/Prefabs/Fish-1/fish_1_v1.prefab
  artifactKey: Guid(2aeb5c3a158bb9843b72617f4bb17afe) Importer(815301076,1909f56bfc062723c751e8b465ee728b)
Start importing Assets/Backrock Studios/LowPoly-Animals/Prefabs/Fish-1/fish_1_v1.prefab using Guid(2aeb5c3a158bb9843b72617f4bb17afe) Importer(815301076,1909f56bfc062723c751e8b465ee728b) [PhysX] Initialized MultithreadedTaskDispatcher with 12 workers.
[PhysX] Initialized MultithreadedTaskDispatcher with 12 workers.
 -> (artifact id: '8ed7c5a5ba5518dfb38a468b3bae75d4') in 0.749986 seconds
Number of updated asset objects reloaded before import = 0
Number of asset objects unloaded after import = 102
========================================================================
Received Import Request.
  Time since last request: 0.000055 seconds.
  path: Assets/Backrock Studios/LowPoly-Animals/Prefabs/Fish-1/fish_1_v4.prefab
  artifactKey: Guid(72411dd1ca104124298af2a81dff768d) Importer(815301076,1909f56bfc062723c751e8b465ee728b)
Start importing Assets/Backrock Studios/LowPoly-Animals/Prefabs/Fish-1/fish_1_v4.prefab using Guid(72411dd1ca104124298af2a81dff768d) Importer(815301076,1909f56bfc062723c751e8b465ee728b) [PhysX] Initialized MultithreadedTaskDispatcher with 12 workers.
[PhysX] Initialized MultithreadedTaskDispatcher with 12 workers.
 -> (artifact id: '4c5ada06b7692349b6f7600fa3a8602e') in 0.057296 seconds
Number of updated asset objects reloaded before import = 0
Number of asset objects unloaded after import = 84
========================================================================
Received Import Request.
  Time since last request: 0.094456 seconds.
  path: Assets/Backrock Studios/LowPoly-Animals/Prefabs/Fish-1/fish_1_v5.prefab
  artifactKey: Guid(3891145df79233045b7504b8c60da1a5) Importer(815301076,1909f56bfc062723c751e8b465ee728b)
Start importing Assets/Backrock Studios/LowPoly-Animals/Prefabs/Fish-1/fish_1_v5.prefab using Guid(3891145df79233045b7504b8c60da1a5) Importer(815301076,1909f56bfc062723c751e8b465ee728b) [PhysX] Initialized MultithreadedTaskDispatcher with 12 workers.
[PhysX] Initialized MultithreadedTaskDispatcher with 12 workers.
 -> (artifact id: '4412de8519ad05b047f4ea554da83cd1') in 0.131550 seconds
Number of updated asset objects reloaded before import = 0
Number of asset objects unloaded after import = 85
========================================================================
Received Import Request.
  Time since last request: 3.212806 seconds.
  path: Assets/Backrock Studios/LowPoly-Animals/Prefabs/Fish-2/fish_2_v1.prefab
  artifactKey: Guid(38453c08482feef46925c63d2e9e6598) Importer(815301076,1909f56bfc062723c751e8b465ee728b)
Start importing Assets/Backrock Studios/LowPoly-Animals/Prefabs/Fish-2/fish_2_v1.prefab using Guid(38453c08482feef46925c63d2e9e6598) Importer(815301076,1909f56bfc062723c751e8b465ee728b) [PhysX] Initialized MultithreadedTaskDispatcher with 12 workers.
[PhysX] Initialized MultithreadedTaskDispatcher with 12 workers.
 -> (artifact id: 'af5159caf929402e67d03f0a29862c23') in 0.065206 seconds
Number of updated asset objects reloaded before import = 0
Number of asset objects unloaded after import = 138
========================================================================
Received Import Request.
  Time since last request: 0.000053 seconds.
  path: Assets/Backrock Studios/LowPoly-Animals/Prefabs/Fish-2/fish_2_v4.prefab
  artifactKey: Guid(742d295b654586747ad0a92f0a348409) Importer(815301076,1909f56bfc062723c751e8b465ee728b)
Start importing Assets/Backrock Studios/LowPoly-Animals/Prefabs/Fish-2/fish_2_v4.prefab using Guid(742d295b654586747ad0a92f0a348409) Importer(815301076,1909f56bfc062723c751e8b465ee728b) [PhysX] Initialized MultithreadedTaskDispatcher with 12 workers.
[PhysX] Initialized MultithreadedTaskDispatcher with 12 workers.
 -> (artifact id: '9c3aeac809f8ea4012cc51cd9f9e4a97') in 0.045819 seconds
Number of updated asset objects reloaded before import = 0
Number of asset objects unloaded after import = 74
========================================================================
Received Import Request.
  Time since last request: 5.508279 seconds.
  path: Assets/Backrock Studios/LowPoly-Animals/Prefabs/Fish-3/Fish_3_v1.prefab
  artifactKey: Guid(03b6fb38b56b8d846a77ce20b035ddab) Importer(815301076,1909f56bfc062723c751e8b465ee728b)
Start importing Assets/Backrock Studios/LowPoly-Animals/Prefabs/Fish-3/Fish_3_v1.prefab using Guid(03b6fb38b56b8d846a77ce20b035ddab) Importer(815301076,1909f56bfc062723c751e8b465ee728b) [PhysX] Initialized MultithreadedTaskDispatcher with 12 workers.
 -> (artifact id: '706dd38125a7ee31356ed6482a290862') in 0.007559 seconds
Number of updated asset objects reloaded before import = 0
Number of asset objects unloaded after import = 57
========================================================================
Received Import Request.
  Time since last request: 0.000083 seconds.
  path: Assets/Backrock Studios/LowPoly-Animals/Prefabs/Fish-3/Fish_3_v3.prefab
  artifactKey: Guid(33ad9ef343b0a0a45bbee1a2e14bae1c) Importer(815301076,1909f56bfc062723c751e8b465ee728b)
Start importing Assets/Backrock Studios/LowPoly-Animals/Prefabs/Fish-3/Fish_3_v3.prefab using Guid(33ad9ef343b0a0a45bbee1a2e14bae1c) Importer(815301076,1909f56bfc062723c751e8b465ee728b) [PhysX] Initialized MultithreadedTaskDispatcher with 12 workers.
 -> (artifact id: '376d095ab63ebb866da7405d2c73310f') in 0.009655 seconds
Number of updated asset objects reloaded before import = 0
Number of asset objects unloaded after import = 57
========================================================================
Received Import Request.
  Time since last request: 1.179813 seconds.
  path: Assets/Backrock Studios/LowPoly-Animals/Prefabs/Fish-3/Fish_3_v5.prefab
  artifactKey: Guid(e2622e4e3e376af45ab42626f4cf0734) Importer(815301076,1909f56bfc062723c751e8b465ee728b)
Start importing Assets/Backrock Studios/LowPoly-Animals/Prefabs/Fish-3/Fish_3_v5.prefab using Guid(e2622e4e3e376af45ab42626f4cf0734) Importer(815301076,1909f56bfc062723c751e8b465ee728b) [PhysX] Initialized MultithreadedTaskDispatcher with 12 workers.
 -> (artifact id: '58b5865b75b63a6a01f927349c3296d1') in 0.007492 seconds
Number of updated asset objects reloaded before import = 0
Number of asset objects unloaded after import = 57
========================================================================
Received Import Request.
  Time since last request: 4.481452 seconds.
  path: Assets/Backrock Studios/LowPoly-Animals/Prefabs/Fish-2/fish_2_v5.prefab
  artifactKey: Guid(3c8bf3d4a1b8c3f4aa0be8550bed94bb) Importer(815301076,1909f56bfc062723c751e8b465ee728b)
Start importing Assets/Backrock Studios/LowPoly-Animals/Prefabs/Fish-2/fish_2_v5.prefab using Guid(3c8bf3d4a1b8c3f4aa0be8550bed94bb) Importer(815301076,1909f56bfc062723c751e8b465ee728b) [PhysX] Initialized MultithreadedTaskDispatcher with 12 workers.
[PhysX] Initialized MultithreadedTaskDispatcher with 12 workers.
 -> (artifact id: '29cf142c10194b9297eb7714dfb1f466') in 0.059392 seconds
Number of updated asset objects reloaded before import = 0
Number of asset objects unloaded after import = 74
========================================================================
Received Import Request.
  Time since last request: 2.876464 seconds.
  path: Assets/Backrock Studios/LowPoly-Animals/Prefabs/Fish-5/fish_5_v1.prefab
  artifactKey: Guid(442218c10b108464c9170c8661ddb294) Importer(815301076,1909f56bfc062723c751e8b465ee728b)
Start importing Assets/Backrock Studios/LowPoly-Animals/Prefabs/Fish-5/fish_5_v1.prefab using Guid(442218c10b108464c9170c8661ddb294) Importer(815301076,1909f56bfc062723c751e8b465ee728b) [PhysX] Initialized MultithreadedTaskDispatcher with 12 workers.
[PhysX] Initialized MultithreadedTaskDispatcher with 12 workers.
 -> (artifact id: '5e020a0fef52131543a7264b1c4a5782') in 0.064660 seconds
Number of updated asset objects reloaded before import = 0
Number of asset objects unloaded after import = 80
========================================================================
Received Import Request.
  Time since last request: 0.000072 seconds.
  path: Assets/Backrock Studios/LowPoly-Animals/Prefabs/Fish-5/fish_5_v4.prefab
  artifactKey: Guid(e15625699a2f1cc43ab426e7210b380d) Importer(815301076,1909f56bfc062723c751e8b465ee728b)
Start importing Assets/Backrock Studios/LowPoly-Animals/Prefabs/Fish-5/fish_5_v4.prefab using Guid(e15625699a2f1cc43ab426e7210b380d) Importer(815301076,1909f56bfc062723c751e8b465ee728b) [PhysX] Initialized MultithreadedTaskDispatcher with 12 workers.
[PhysX] Initialized MultithreadedTaskDispatcher with 12 workers.
 -> (artifact id: '6876c5f8f7fbd273cc3c90fbe7ccc483') in 0.058421 seconds
Number of updated asset objects reloaded before import = 0
Number of asset objects unloaded after import = 80
========================================================================
Received Import Request.
  Time since last request: 0.355567 seconds.
  path: Assets/Backrock Studios/LowPoly-Animals/Prefabs/Fish-5/fish_5_v5.prefab
  artifactKey: Guid(67449edbf10f19545b10e7e37293115d) Importer(815301076,1909f56bfc062723c751e8b465ee728b)
Start importing Assets/Backrock Studios/LowPoly-Animals/Prefabs/Fish-5/fish_5_v5.prefab using Guid(67449edbf10f19545b10e7e37293115d) Importer(815301076,1909f56bfc062723c751e8b465ee728b) [PhysX] Initialized MultithreadedTaskDispatcher with 12 workers.
[PhysX] Initialized MultithreadedTaskDispatcher with 12 workers.
 -> (artifact id: '7ac44d6493590cb1a1f52783bb57a124') in 0.079353 seconds
Number of updated asset objects reloaded before import = 0
Number of asset objects unloaded after import = 80
========================================================================
Received Import Request.
  Time since last request: 74.193346 seconds.
  path: Assets/Materials/Poisson1.mat
  artifactKey: Guid(668e916ecb25b3c4da861a5b16965932) Importer(815301076,1909f56bfc062723c751e8b465ee728b)
Start importing Assets/Materials/Poisson1.mat using Guid(668e916ecb25b3c4da861a5b16965932) Importer(815301076,1909f56bfc062723c751e8b465ee728b) [PhysX] Initialized MultithreadedTaskDispatcher with 12 workers.
[PhysX] Initialized MultithreadedTaskDispatcher with 12 workers.
 -> (artifact id: '219fa1a1bd4ab9f78c5f1323a2ca0159') in 0.065010 seconds
Number of updated asset objects reloaded before import = 0
Number of asset objects unloaded after import = 2
========================================================================
Received Import Request.
  Time since last request: 15.479718 seconds.
  path: Assets/Backrock Studios/LowPoly-Animals/Water/Textures/Fish - v1
  artifactKey: Guid(6004a2545acb15842bb9dd1506e6614e) Importer(815301076,1909f56bfc062723c751e8b465ee728b)
Start importing Assets/Backrock Studios/LowPoly-Animals/Water/Textures/Fish - v1 using Guid(6004a2545acb15842bb9dd1506e6614e) Importer(815301076,1909f56bfc062723c751e8b465ee728b) [PhysX] Initialized MultithreadedTaskDispatcher with 12 workers.
 -> (artifact id: '3169247c2bcd86542e428cc1fa2ce910') in 0.001707 seconds
Number of updated asset objects reloaded before import = 0
Number of asset objects unloaded after import = 0
========================================================================
Received Import Request.
  Time since last request: 0.060341 seconds.
  path: Assets/Backrock Studios/LowPoly-Animals/Water/Textures/Fish - v1/fish1_DefaultMaterial_Roughness.png
  artifactKey: Guid(6238e5e357c0de946a857202e9fe5d9b) Importer(815301076,1909f56bfc062723c751e8b465ee728b)
Start importing Assets/Backrock Studios/LowPoly-Animals/Water/Textures/Fish - v1/fish1_DefaultMaterial_Roughness.png using Guid(6238e5e357c0de946a857202e9fe5d9b) Importer(815301076,1909f56bfc062723c751e8b465ee728b) [PhysX] Initialized MultithreadedTaskDispatcher with 12 workers.
[PhysX] Initialized MultithreadedTaskDispatcher with 12 workers.
 -> (artifact id: '6c8a37de5cc9df1be0786e2a828f415f') in 0.072246 seconds
Number of updated asset objects reloaded before import = 0
Number of asset objects unloaded after import = 2
========================================================================
Received Import Request.
  Time since last request: 4.318524 seconds.
  path: Assets/Backrock Studios/LowPoly-Animals/Water/Textures/Fish - v1/fish1_DefaultMaterial_Normal.png
  artifactKey: Guid(b20aee915d235aa4ab45e07034204602) Importer(815301076,1909f56bfc062723c751e8b465ee728b)
Start importing Assets/Backrock Studios/LowPoly-Animals/Water/Textures/Fish - v1/fish1_DefaultMaterial_Normal.png using Guid(b20aee915d235aa4ab45e07034204602) Importer(815301076,1909f56bfc062723c751e8b465ee728b) [PhysX] Initialized MultithreadedTaskDispatcher with 12 workers.
[PhysX] Initialized MultithreadedTaskDispatcher with 12 workers.
 -> (artifact id: '558f88da65e3bda5938dfe3f2f405937') in 0.071665 seconds
Number of updated asset objects reloaded before import = 0
Number of asset objects unloaded after import = 2
========================================================================
Received Import Request.
  Time since last request: 0.564439 seconds.
  path: Assets/Backrock Studios/LowPoly-Animals/Water/Textures/Fish - v1/fish1_DefaultMaterial_Metallic.png
  artifactKey: Guid(0d578afab8d89e9488947b2b1611f64f) Importer(815301076,1909f56bfc062723c751e8b465ee728b)
Start importing Assets/Backrock Studios/LowPoly-Animals/Water/Textures/Fish - v1/fish1_DefaultMaterial_Metallic.png using Guid(0d578afab8d89e9488947b2b1611f64f) Importer(815301076,1909f56bfc062723c751e8b465ee728b) [PhysX] Initialized MultithreadedTaskDispatcher with 12 workers.
[PhysX] Initialized MultithreadedTaskDispatcher with 12 workers.
 -> (artifact id: '84c959da87fb6e9c058a1f609922e563') in 0.069875 seconds
Number of updated asset objects reloaded before import = 0
Number of asset objects unloaded after import = 2
========================================================================
Received Import Request.
  Time since last request: 0.325522 seconds.
  path: Assets/Backrock Studios/LowPoly-Animals/Water/Textures/Fish - v1/fish1_DefaultMaterial_Emissive.png
  artifactKey: Guid(b565165abe0a9db4b9843848cbeb8f03) Importer(815301076,1909f56bfc062723c751e8b465ee728b)
Start importing Assets/Backrock Studios/LowPoly-Animals/Water/Textures/Fish - v1/fish1_DefaultMaterial_Emissive.png using Guid(b565165abe0a9db4b9843848cbeb8f03) Importer(815301076,1909f56bfc062723c751e8b465ee728b) [PhysX] Initialized MultithreadedTaskDispatcher with 12 workers.
[PhysX] Initialized MultithreadedTaskDispatcher with 12 workers.
 -> (artifact id: '53fd58b9ac5ca4adf10380f7648514f9') in 0.075857 seconds
Number of updated asset objects reloaded before import = 0
Number of asset objects unloaded after import = 2
========================================================================
Received Prepare
Caller must complete domain reload
Begin MonoManager ReloadAssembly
- Loaded All Assemblies, in  1.345 seconds
Native extension for WindowsStandalone target not found
Native extension for Android target not found
[Package Manager] Server::EnsureServerProcessIsRunning -- launch failed, reason: Unity was launched with the -noUpm command-line argument
[Package Manager] UpmClient::Send -- Unable to send message (not connected to UPM process).
[Package Manager] Cannot connect to Unity Package Manager local server
Mono: successfully reloaded assembly
- Finished resetting the current domain, in  4.258 seconds
Domain Reload Profiling: 5591ms
	BeginReloadAssembly (426ms)
		ExecutionOrderSort (0ms)
		DisableScriptedObjects (25ms)
		BackupInstance (0ms)
		ReleaseScriptingObjects (0ms)
		CreateAndSetChildDomain (94ms)
	RebuildCommonClasses (96ms)
	RebuildNativeTypeToScriptingClass (32ms)
	initialDomainReloadingComplete (76ms)
	LoadAllAssembliesAndSetupDomain (703ms)
		LoadAssemblies (873ms)
		RebuildTransferFunctionScriptingTraits (0ms)
		AnalyzeDomain (57ms)
			TypeCache.Refresh (13ms)
				TypeCache.ScanAssembly (0ms)
			ScanForSourceGeneratedMonoScriptInfo (1ms)
			ResolveRequiredComponents (39ms)
	FinalizeReload (4259ms)
		ReleaseScriptCaches (0ms)
		RebuildScriptCaches (0ms)
		SetupLoadedEditorAssemblies (1672ms)
			LogAssemblyErrors (0ms)
			InitializePlatformSupportModulesInManaged (51ms)
			SetLoadedEditorAssemblies (14ms)
			RefreshPlugins (0ms)
			BeforeProcessingInitializeOnLoad (247ms)
			ProcessInitializeOnLoadAttributes (1150ms)
			ProcessInitializeOnLoadMethodAttributes (192ms)
			AfterProcessingInitializeOnLoad (19ms)
			EditorAssembliesLoaded (0ms)
		ExecutionOrderSort2 (0ms)
		AwakeInstancesAfterBackupRestoration (52ms)
Refreshing native plugins compatible for Editor in 11.56 ms, found 3 plugins.
Preloading 0 native plugins for Editor in 0.00 ms.
Unloading 6319 Unused Serialized files (Serialized files now loaded: 0)
Unloading 35 unused Assets / (2.2 MB). Loaded Objects now: 7253.
Memory consumption went from 235.9 MB to 233.6 MB.
Total: 9.394900 ms (FindLiveObjects: 0.956900 ms CreateObjectMapping: 0.566100 ms MarkObjects: 6.994700 ms  DeleteObjects: 0.874600 ms)

Prepare: number of updated asset objects reloaded= 0
AssetImportParameters requested are different than current active one (requested -> active):
  custom:container-demuxer-ogg: 62fdf1f143b41e24485cea50d1cbac27 -> 
  custom:framework-win-MediaFoundation: 216162199b28c13a410421893ffa2e32 -> 
  custom:container-muxer-webm: aa71ff27fc2769a1b78a27578f13a17b -> 
  custom:video-decoder-webm-vp8: 9c59270c3fd7afecdb556c50c9e8de78 -> 
  custom:SearchIndexIgnoredProperties: e643bd26f0fe6173181afceb89e7c659 -> 
  custom:AudioImporter_EditorPlatform: d09bf68614088b80899f8185d706f6e7 -> 
  custom:audio-decoder-ogg-vorbis: bf7c407c2cedff20999df2af8eb42d56 -> 
  custom:audio-encoder-webm-vorbis: bf7c407c2cedff20999df2af8eb42d56 -> 
  custom:scripting/monoscript/fileName/WaterReflection.cs: f1c57f2ce2c094032b710e8e5eb21bd7 -> 
  custom:video-codec-MediaFoundation-h265: 746d11721c4dcdbdad8f713fa42b33f4 -> 
  custom:video-decoder-ogg-theora: a1e56fd34408186e4bbccfd4996cb3dc -> 
  custom:CustomObjectIndexerAttribute: 3ead1caaecf1c488f20bcfeb224b6af5 -> 
  custom:container-demuxer-webm: 4f35f7cbe854078d1ac9338744f61a02 -> 
  custom:scripting/monoscript/fileName/GlobalInstancingRenderer.cs: b7de95a3be26a94daf40600851500d60 -> 
  custom:video-encoder-webm-vp8: eb34c28f22e8b96e1ab97ce403110664 -> 
  custom:scripting/monoscript/fileName/ChunkPopulator.cs: 7173d01b16c85aa55a51e45e2d67c158 -> 2d99c558aa914fdfd96e3acbc577ed58
========================================================================
Received Import Request.
  Time since last request: 157.292792 seconds.
  path: Assets/Backrock Studios/LowPoly-Animals/Water/Textures/Shark - v1/sharks _DefaultMaterial_BaseColor.png
  artifactKey: Guid(7f46ce7e4a00c2e40bb46d1ec5933669) Importer(815301076,1909f56bfc062723c751e8b465ee728b)
Start importing Assets/Backrock Studios/LowPoly-Animals/Water/Textures/Shark - v1/sharks _DefaultMaterial_BaseColor.png using Guid(7f46ce7e4a00c2e40bb46d1ec5933669) Importer(815301076,1909f56bfc062723c751e8b465ee728b) [PhysX] Initialized MultithreadedTaskDispatcher with 12 workers.
[PhysX] Initialized MultithreadedTaskDispatcher with 12 workers.
 -> (artifact id: '7b6885b95bb2916def19acad52a4905a') in 0.162060 seconds
Number of updated asset objects reloaded before import = 0
Number of asset objects unloaded after import = 2
========================================================================
Received Import Request.
  Time since last request: 0.000071 seconds.
  path: Assets/Backrock Studios/LowPoly-Animals/Water/Textures/Shark - v1/sharks _DefaultMaterial_Roughness.png
  artifactKey: Guid(f319348b6dccd2249b6850224eb0aba1) Importer(815301076,1909f56bfc062723c751e8b465ee728b)
Start importing Assets/Backrock Studios/LowPoly-Animals/Water/Textures/Shark - v1/sharks _DefaultMaterial_Roughness.png using Guid(f319348b6dccd2249b6850224eb0aba1) Importer(815301076,1909f56bfc062723c751e8b465ee728b) [PhysX] Initialized MultithreadedTaskDispatcher with 12 workers.
[PhysX] Initialized MultithreadedTaskDispatcher with 12 workers.
 -> (artifact id: 'dad05c80751bd9d81c5bf2f0c37ea54c') in 0.046219 seconds
Number of updated asset objects reloaded before import = 0
Number of asset objects unloaded after import = 2
========================================================================
Received Import Request.
  Time since last request: 4.245379 seconds.
  path: Assets/Backrock Studios/LowPoly-Animals/Prefabs/Fish-4/Fish_4_v1.prefab
  artifactKey: Guid(5d99aa1c03c23414c8e892e91cb5e51c) Importer(815301076,1909f56bfc062723c751e8b465ee728b)
Start importing Assets/Backrock Studios/LowPoly-Animals/Prefabs/Fish-4/Fish_4_v1.prefab using Guid(5d99aa1c03c23414c8e892e91cb5e51c) Importer(815301076,1909f56bfc062723c751e8b465ee728b) [PhysX] Initialized MultithreadedTaskDispatcher with 12 workers.
[PhysX] Initialized MultithreadedTaskDispatcher with 12 workers.
 -> (artifact id: 'a7dff1069baf049f23f0a8a72df59875') in 0.710596 seconds
Number of updated asset objects reloaded before import = 0
Number of asset objects unloaded after import = 284
========================================================================
Received Import Request.
  Time since last request: 0.000052 seconds.
  path: Assets/Backrock Studios/LowPoly-Animals/Prefabs/Fish-4/Fish_4_v3.prefab
  artifactKey: Guid(2502d9e07e804c645ac5cefc0b76dc95) Importer(815301076,1909f56bfc062723c751e8b465ee728b)
Start importing Assets/Backrock Studios/LowPoly-Animals/Prefabs/Fish-4/Fish_4_v3.prefab using Guid(2502d9e07e804c645ac5cefc0b76dc95) Importer(815301076,1909f56bfc062723c751e8b465ee728b) [PhysX] Initialized MultithreadedTaskDispatcher with 12 workers.
[PhysX] Initialized MultithreadedTaskDispatcher with 12 workers.
 -> (artifact id: 'e0b49640599bf531b1d72409ee7d11f4') in 0.058878 seconds
Number of updated asset objects reloaded before import = 0
Number of asset objects unloaded after import = 138
========================================================================
Received Import Request.
  Time since last request: 73.067282 seconds.
  path: Assets/Prefabs/fish_1_v1.prefab
  artifactKey: Guid(a29dc3b1758353c40b03c5e41718f25f) Importer(815301076,1909f56bfc062723c751e8b465ee728b)
Start importing Assets/Prefabs/fish_1_v1.prefab using Guid(a29dc3b1758353c40b03c5e41718f25f) Importer(815301076,1909f56bfc062723c751e8b465ee728b) [PhysX] Initialized MultithreadedTaskDispatcher with 12 workers.
[PhysX] Initialized MultithreadedTaskDispatcher with 12 workers.
 -> (artifact id: '3e752ca9826a22ba0a1689543aebbb44') in 0.062057 seconds
Number of updated asset objects reloaded before import = 0
Number of asset objects unloaded after import = 81
========================================================================
Received Import Request.
  Time since last request: 10.253483 seconds.
  path: Assets/Backrock Studios/LowPoly-Animals/Prefabs/Tortoise/Tortoise_v1.prefab
  artifactKey: Guid(349556ca144e4994b93a221b86ef4154) Importer(815301076,1909f56bfc062723c751e8b465ee728b)
Start importing Assets/Backrock Studios/LowPoly-Animals/Prefabs/Tortoise/Tortoise_v1.prefab using Guid(349556ca144e4994b93a221b86ef4154) Importer(815301076,1909f56bfc062723c751e8b465ee728b) [PhysX] Initialized MultithreadedTaskDispatcher with 12 workers.
[PhysX] Initialized MultithreadedTaskDispatcher with 12 workers.
 -> (artifact id: 'ac6fe61115c9fd18a6a56d12bf03bbdb') in 0.080029 seconds
Number of updated asset objects reloaded before import = 0
Number of asset objects unloaded after import = 154
========================================================================
Received Import Request.
  Time since last request: 0.000093 seconds.
  path: Assets/Backrock Studios/LowPoly-Animals/Prefabs/Tortoise/Tortoise_v5.prefab
  artifactKey: Guid(1a8e3d80c53996e4faa1b7ea97eafdb8) Importer(815301076,1909f56bfc062723c751e8b465ee728b)
Start importing Assets/Backrock Studios/LowPoly-Animals/Prefabs/Tortoise/Tortoise_v5.prefab using Guid(1a8e3d80c53996e4faa1b7ea97eafdb8) Importer(815301076,1909f56bfc062723c751e8b465ee728b) [PhysX] Initialized MultithreadedTaskDispatcher with 12 workers.
[PhysX] Initialized MultithreadedTaskDispatcher with 12 workers.
 -> (artifact id: '21ef6c84caa30abbc1bead96702870c0') in 0.056081 seconds
Number of updated asset objects reloaded before import = 0
Number of asset objects unloaded after import = 82
========================================================================
Received Import Request.
  Time since last request: 0.000095 seconds.
  path: Assets/Backrock Studios/LowPoly-Animals/Prefabs/Tortoise/Tortoise_v4.prefab
  artifactKey: Guid(9ef93cec2dace594cb7ad0de3f94dcda) Importer(815301076,1909f56bfc062723c751e8b465ee728b)
Start importing Assets/Backrock Studios/LowPoly-Animals/Prefabs/Tortoise/Tortoise_v4.prefab using Guid(9ef93cec2dace594cb7ad0de3f94dcda) Importer(815301076,1909f56bfc062723c751e8b465ee728b) [PhysX] Initialized MultithreadedTaskDispatcher with 12 workers.
[PhysX] Initialized MultithreadedTaskDispatcher with 12 workers.
 -> (artifact id: '28b03c111bc153b41f25e7badd5fa0e0') in 0.060839 seconds
Number of updated asset objects reloaded before import = 0
Number of asset objects unloaded after import = 82
========================================================================
Received Import Request.
  Time since last request: 26.612277 seconds.
  path: Assets/Backrock Studios/LowPoly-Animals/Prefabs/Fish-6/Fish_6_v1.prefab
  artifactKey: Guid(561fcee6ad0370e419b4a02d7a126db1) Importer(815301076,1909f56bfc062723c751e8b465ee728b)
Start importing Assets/Backrock Studios/LowPoly-Animals/Prefabs/Fish-6/Fish_6_v1.prefab using Guid(561fcee6ad0370e419b4a02d7a126db1) Importer(815301076,1909f56bfc062723c751e8b465ee728b) [PhysX] Initialized MultithreadedTaskDispatcher with 12 workers.
[PhysX] Initialized MultithreadedTaskDispatcher with 12 workers.
 -> (artifact id: '82ce957e5e8fa27166e752acb2057674') in 0.073880 seconds
Number of updated asset objects reloaded before import = 0
Number of asset objects unloaded after import = 354
========================================================================
Received Import Request.
  Time since last request: 0.000083 seconds.
  path: Assets/Backrock Studios/LowPoly-Animals/Prefabs/Fish-6/Fish_6_v5.prefab
  artifactKey: Guid(775ea8698569bbf4d966f73d07ad223e) Importer(815301076,1909f56bfc062723c751e8b465ee728b)
Start importing Assets/Backrock Studios/LowPoly-Animals/Prefabs/Fish-6/Fish_6_v5.prefab using Guid(775ea8698569bbf4d966f73d07ad223e) Importer(815301076,1909f56bfc062723c751e8b465ee728b) [PhysX] Initialized MultithreadedTaskDispatcher with 12 workers.
[PhysX] Initialized MultithreadedTaskDispatcher with 12 workers.
 -> (artifact id: '0c2b5609e5deab1523fa751a458e3b9b') in 0.061294 seconds
Number of updated asset objects reloaded before import = 0
Number of asset objects unloaded after import = 182
========================================================================
Received Import Request.
  Time since last request: 15.078116 seconds.
  path: Assets/Backrock Studios/LowPoly-Animals/Prefabs/Shark/Shark_v1.prefab
  artifactKey: Guid(7eae7165760ea8e4392990af4666d35b) Importer(815301076,1909f56bfc062723c751e8b465ee728b)
Start importing Assets/Backrock Studios/LowPoly-Animals/Prefabs/Shark/Shark_v1.prefab using Guid(7eae7165760ea8e4392990af4666d35b) Importer(815301076,1909f56bfc062723c751e8b465ee728b) [PhysX] Initialized MultithreadedTaskDispatcher with 12 workers.
[PhysX] Initialized MultithreadedTaskDispatcher with 12 workers.
 -> (artifact id: 'fa9f74aae7627b3096ad3a66e27b296d') in 0.930225 seconds
Number of updated asset objects reloaded before import = 0
Number of asset objects unloaded after import = 127
========================================================================
Received Import Request.
  Time since last request: 10.401469 seconds.
  path: Assets/Backrock Studios/LowPoly-Animals/Prefabs/Goat/Goat_v1.prefab
  artifactKey: Guid(265a520e965793f478ab9373b058a63b) Importer(815301076,1909f56bfc062723c751e8b465ee728b)
Start importing Assets/Backrock Studios/LowPoly-Animals/Prefabs/Goat/Goat_v1.prefab using Guid(265a520e965793f478ab9373b058a63b) Importer(815301076,1909f56bfc062723c751e8b465ee728b) [PhysX] Initialized MultithreadedTaskDispatcher with 12 workers.
[PhysX] Initialized MultithreadedTaskDispatcher with 12 workers.
 -> (artifact id: '39d2c48b0e3ac136020fdc57bd2be7c7') in 0.111474 seconds
Number of updated asset objects reloaded before import = 0
Number of asset objects unloaded after import = 108
========================================================================
Received Import Request.
  Time since last request: 1.188853 seconds.
  path: Assets/Backrock Studios/LowPoly-Animals/Prefabs/Horse/Horse_v1.prefab
  artifactKey: Guid(0cc90c063a9ad424a8cd297b90045d41) Importer(815301076,1909f56bfc062723c751e8b465ee728b)
Start importing Assets/Backrock Studios/LowPoly-Animals/Prefabs/Horse/Horse_v1.prefab using Guid(0cc90c063a9ad424a8cd297b90045d41) Importer(815301076,1909f56bfc062723c751e8b465ee728b) [PhysX] Initialized MultithreadedTaskDispatcher with 12 workers.
[PhysX] Initialized MultithreadedTaskDispatcher with 12 workers.
 -> (artifact id: '3a7cda45b1520a98afe69ff7137ba933') in 0.163310 seconds
Number of updated asset objects reloaded before import = 0
Number of asset objects unloaded after import = 484
========================================================================
Received Import Request.
  Time since last request: 0.000103 seconds.
  path: Assets/Backrock Studios/LowPoly-Animals/Prefabs/Horse/Horse_v4.prefab
  artifactKey: Guid(7b32baeecf9eb10429d7f48dfae62c34) Importer(815301076,1909f56bfc062723c751e8b465ee728b)
Start importing Assets/Backrock Studios/LowPoly-Animals/Prefabs/Horse/Horse_v4.prefab using Guid(7b32baeecf9eb10429d7f48dfae62c34) Importer(815301076,1909f56bfc062723c751e8b465ee728b) [PhysX] Initialized MultithreadedTaskDispatcher with 12 workers.
[PhysX] Initialized MultithreadedTaskDispatcher with 12 workers.
 -> (artifact id: 'fa89dfe854eba553318aa05d9ddb7a8a') in 0.074712 seconds
Number of updated asset objects reloaded before import = 0
Number of asset objects unloaded after import = 249
========================================================================
Received Import Request.
  Time since last request: 7.887064 seconds.
  path: Assets/Backrock Studios/LowPoly-Animals/Water/Dolphin/Materials/Dolphin_Mat_v1.mat
  artifactKey: Guid(e4b6a919c1ddace419970f6c05aadf5f) Importer(815301076,1909f56bfc062723c751e8b465ee728b)
Start importing Assets/Backrock Studios/LowPoly-Animals/Water/Dolphin/Materials/Dolphin_Mat_v1.mat using Guid(e4b6a919c1ddace419970f6c05aadf5f) Importer(815301076,1909f56bfc062723c751e8b465ee728b) [PhysX] Initialized MultithreadedTaskDispatcher with 12 workers.
[PhysX] Initialized MultithreadedTaskDispatcher with 12 workers.
 -> (artifact id: '54ef2ec45ebb9d60db1ba4d2acf68293') in 0.081668 seconds
Number of updated asset objects reloaded before import = 0
Number of asset objects unloaded after import = 3
========================================================================
Received Import Request.
  Time since last request: 0.000060 seconds.
  path: Assets/Backrock Studios/LowPoly-Animals/Water/Dolphin/Materials/Dolphin_Mat_v5.mat
  artifactKey: Guid(b723f57ca235c644a9eaa076bb011232) Importer(815301076,1909f56bfc062723c751e8b465ee728b)
Start importing Assets/Backrock Studios/LowPoly-Animals/Water/Dolphin/Materials/Dolphin_Mat_v5.mat using Guid(b723f57ca235c644a9eaa076bb011232) Importer(815301076,1909f56bfc062723c751e8b465ee728b) [PhysX] Initialized MultithreadedTaskDispatcher with 12 workers.
[PhysX] Initialized MultithreadedTaskDispatcher with 12 workers.
 -> (artifact id: '3379e7c4f4c0a700410d20c4edb4a882') in 0.031402 seconds
Number of updated asset objects reloaded before import = 0
Number of asset objects unloaded after import = 3
========================================================================
Received Import Request.
  Time since last request: 4.894550 seconds.
  path: Assets/Backrock Studios/LowPoly-Animals/Water/Fish_5/Fish_5_Animated.fbx
  artifactKey: Guid(3f4fe1f60d9be6d459fbff72164df4e2) Importer(815301076,1909f56bfc062723c751e8b465ee728b)
Start importing Assets/Backrock Studios/LowPoly-Animals/Water/Fish_5/Fish_5_Animated.fbx using Guid(3f4fe1f60d9be6d459fbff72164df4e2) Importer(815301076,1909f56bfc062723c751e8b465ee728b) [PhysX] Initialized MultithreadedTaskDispatcher with 12 workers.
[PhysX] Initialized MultithreadedTaskDispatcher with 12 workers.
[PhysX] Initialized MultithreadedTaskDispatcher with 12 workers.
[PhysX] Initialized MultithreadedTaskDispatcher with 12 workers.
[PhysX] Initialized MultithreadedTaskDispatcher with 12 workers.
 -> (artifact id: '919c12741aab8516aea8b04e8e4159e2') in 0.146576 seconds
Number of updated asset objects reloaded before import = 0
Number of asset objects unloaded after import = 75
========================================================================
Received Import Request.
  Time since last request: 1.448886 seconds.
  path: Assets/Backrock Studios/LowPoly-Animals/Water/Fish_6/Fish_6_Animated.fbx
  artifactKey: Guid(e76a3645d5a0d3143b4a868ba89f0dc4) Importer(815301076,1909f56bfc062723c751e8b465ee728b)
Start importing Assets/Backrock Studios/LowPoly-Animals/Water/Fish_6/Fish_6_Animated.fbx using Guid(e76a3645d5a0d3143b4a868ba89f0dc4) Importer(815301076,1909f56bfc062723c751e8b465ee728b) [PhysX] Initialized MultithreadedTaskDispatcher with 12 workers.
[PhysX] Initialized MultithreadedTaskDispatcher with 12 workers.
[PhysX] Initialized MultithreadedTaskDispatcher with 12 workers.
[PhysX] Initialized MultithreadedTaskDispatcher with 12 workers.
[PhysX] Initialized MultithreadedTaskDispatcher with 12 workers.
 -> (artifact id: '8ae35ef2ffcbd944ecaff40e730c5f08') in 0.130592 seconds
Number of updated asset objects reloaded before import = 0
Number of asset objects unloaded after import = 178
========================================================================
Received Import Request.
  Time since last request: 1.226301 seconds.
  path: Assets/Backrock Studios/LowPoly-Animals/Water/Shark/Shark_Animated.fbx
  artifactKey: Guid(b9542212fc1492d4281773556de62678) Importer(815301076,1909f56bfc062723c751e8b465ee728b)
Start importing Assets/Backrock Studios/LowPoly-Animals/Water/Shark/Shark_Animated.fbx using Guid(b9542212fc1492d4281773556de62678) Importer(815301076,1909f56bfc062723c751e8b465ee728b) [PhysX] Initialized MultithreadedTaskDispatcher with 12 workers.
[PhysX] Initialized MultithreadedTaskDispatcher with 12 workers.
[PhysX] Initialized MultithreadedTaskDispatcher with 12 workers.
[PhysX] Initialized MultithreadedTaskDispatcher with 12 workers.
[PhysX] Initialized MultithreadedTaskDispatcher with 12 workers.
 -> (artifact id: '8bf2b9afcd1a6cb3ea399dc6fdbfd799') in 0.132414 seconds
Number of updated asset objects reloaded before import = 0
Number of asset objects unloaded after import = 65
