Using pre-set license
Built from '2022.3/release' branch; Version is '2022.3.61f1 (6c53ebaf375d) revision 7099371'; Using compiler version '192829333'; Build Type 'Release'
OS: 'Windows 11  (10.0.26200) 64bit Core' Language: 'fr' Physical Memory: 15694 MB
BatchMode: 1, IsHumanControllingUs: 0, StartBugReporterOnCrash: 0, Is64bit: 1, IsPro: 1

COMMAND LINE ARGUMENTS:
C:\Program Files\Unity\Hub\Editor\2022.3.61f1\Editor\Unity.exe
-adb2
-batchMode
-noUpm
-name
AssetImportWorker6
-projectPath
C:/Users/NOMENAHITANTSOA/monde_infini_test
-logFile
Logs/AssetImportWorker6.log
-srvPort
63223
Successfully changed project path to: C:/Users/NOMENAHITANTSOA/monde_infini_test
C:/Users/NOMENAHITANTSOA/monde_infini_test
[UnityMemory] Configuration Parameters - Can be set up in boot.config
    "memorysetup-bucket-allocator-granularity=16"
    "memorysetup-bucket-allocator-bucket-count=8"
    "memorysetup-bucket-allocator-block-size=33554432"
    "memorysetup-bucket-allocator-block-count=8"
    "memorysetup-main-allocator-block-size=16777216"
    "memorysetup-thread-allocator-block-size=16777216"
    "memorysetup-gfx-main-allocator-block-size=16777216"
    "memorysetup-gfx-thread-allocator-block-size=16777216"
    "memorysetup-cache-allocator-block-size=4194304"
    "memorysetup-typetree-allocator-block-size=2097152"
    "memorysetup-profiler-bucket-allocator-granularity=16"
    "memorysetup-profiler-bucket-allocator-bucket-count=8"
    "memorysetup-profiler-bucket-allocator-block-size=33554432"
    "memorysetup-profiler-bucket-allocator-block-count=8"
    "memorysetup-profiler-allocator-block-size=16777216"
    "memorysetup-profiler-editor-allocator-block-size=1048576"
    "memorysetup-temp-allocator-size-main=16777216"
    "memorysetup-job-temp-allocator-block-size=2097152"
    "memorysetup-job-temp-allocator-block-size-background=1048576"
    "memorysetup-job-temp-allocator-reduction-small-platforms=262144"
    "memorysetup-allocator-temp-initial-block-size-main=262144"
    "memorysetup-allocator-temp-initial-block-size-worker=262144"
    "memorysetup-temp-allocator-size-background-worker=32768"
    "memorysetup-temp-allocator-size-job-worker=262144"
    "memorysetup-temp-allocator-size-preload-manager=33554432"
    "memorysetup-temp-allocator-size-nav-mesh-worker=65536"
    "memorysetup-temp-allocator-size-audio-worker=65536"
    "memorysetup-temp-allocator-size-cloud-worker=32768"
    "memorysetup-temp-allocator-size-gi-baking-worker=262144"
    "memorysetup-temp-allocator-size-gfx=262144"
Player connection [22264]  Target information:

Player connection [22264]  * "[IP] 192.168.100.155 [Port] 0 [Flags] 2 [Guid] 825321881 [EditorId] 825321881 [Version] 1048832 [Id] WindowsEditor(7,AmysHP) [Debug] 1 [PackageName] WindowsEditor [ProjectName] Editor" 

Player connection [22264] Host joined multi-casting on [225.0.0.222:54997]...
Player connection [22264] Host joined alternative multi-casting on [225.0.0.222:34997]...
Input System module state changed to: Initialized.
[PhysX] Initialized MultithreadedTaskDispatcher with 12 workers.
Refreshing native plugins compatible for Editor in 24.24 ms, found 3 plugins.
Preloading 0 native plugins for Editor in 0.00 ms.
Initialize engine version: 2022.3.61f1 (6c53ebaf375d)
[Subsystems] Discovering subsystems at path C:/Program Files/Unity/Hub/Editor/2022.3.61f1/Editor/Data/Resources/UnitySubsystems
[Subsystems] Discovering subsystems at path C:/Users/NOMENAHITANTSOA/monde_infini_test/Assets
GfxDevice: creating device client; threaded=0; jobified=0
Direct3D:
    Version:  Direct3D 11.0 [level 11.1]
    Renderer: AMD Radeon(TM) Graphics (ID=0x164c)
    Vendor:   ATI
    VRAM:     7847 MB
    Driver:   31.0.12044.3
Initialize mono
Mono path[0] = 'C:/Program Files/Unity/Hub/Editor/2022.3.61f1/Editor/Data/Managed'
Mono path[1] = 'C:/Program Files/Unity/Hub/Editor/2022.3.61f1/Editor/Data/MonoBleedingEdge/lib/mono/unityjit-win32'
Mono config path = 'C:/Program Files/Unity/Hub/Editor/2022.3.61f1/Editor/Data/MonoBleedingEdge/etc'
Using monoOptions --debugger-agent=transport=dt_socket,embedding=1,server=y,suspend=n,address=127.0.0.1:56152
Begin MonoManager ReloadAssembly
Registering precompiled unity dll's ...
Register platform support module: C:/Program Files/Unity/Hub/Editor/2022.3.61f1/Editor/Data/PlaybackEngines/AndroidPlayer/UnityEditor.Android.Extensions.dll
Register platform support module: C:/Program Files/Unity/Hub/Editor/2022.3.61f1/Editor/Data/PlaybackEngines/WindowsStandaloneSupport/UnityEditor.WindowsStandalone.Extensions.dll
Registered in 0.014127 seconds.
- Loaded All Assemblies, in  0.723 seconds
Native extension for WindowsStandalone target not found
Native extension for Android target not found
Android Extension - Scanning For ADB Devices 466 ms
Mono: successfully reloaded assembly
- Finished resetting the current domain, in  1.024 seconds
Domain Reload Profiling: 1745ms
	BeginReloadAssembly (221ms)
		ExecutionOrderSort (0ms)
		DisableScriptedObjects (0ms)
		BackupInstance (0ms)
		ReleaseScriptingObjects (0ms)
		CreateAndSetChildDomain (1ms)
	RebuildCommonClasses (69ms)
	RebuildNativeTypeToScriptingClass (23ms)
	initialDomainReloadingComplete (108ms)
	LoadAllAssembliesAndSetupDomain (300ms)
		LoadAssemblies (219ms)
		RebuildTransferFunctionScriptingTraits (0ms)
		AnalyzeDomain (296ms)
			TypeCache.Refresh (293ms)
				TypeCache.ScanAssembly (269ms)
			ScanForSourceGeneratedMonoScriptInfo (1ms)
			ResolveRequiredComponents (1ms)
	FinalizeReload (1025ms)
		ReleaseScriptCaches (0ms)
		RebuildScriptCaches (0ms)
		SetupLoadedEditorAssemblies (934ms)
			LogAssemblyErrors (0ms)
			InitializePlatformSupportModulesInManaged (613ms)
			SetLoadedEditorAssemblies (8ms)
			RefreshPlugins (0ms)
			BeforeProcessingInitializeOnLoad (4ms)
			ProcessInitializeOnLoadAttributes (221ms)
			ProcessInitializeOnLoadMethodAttributes (89ms)
			AfterProcessingInitializeOnLoad (0ms)
			EditorAssembliesLoaded (0ms)
		ExecutionOrderSort2 (0ms)
		AwakeInstancesAfterBackupRestoration (0ms)
========================================================================
Worker process is ready to serve import requests
Caller must complete domain reload
Begin MonoManager ReloadAssembly
- Loaded All Assemblies, in  1.449 seconds
Native extension for WindowsStandalone target not found
Native extension for Android target not found
Package Manager log level set to [2]
[Package Manager] Server::EnsureServerProcessIsRunning -- launch failed, reason: Unity was launched with the -noUpm command-line argument
[Package Manager] UpmClient::Send -- Unable to send message (not connected to UPM process).
[Package Manager] Cannot connect to Unity Package Manager local server
Mono: successfully reloaded assembly
- Finished resetting the current domain, in  1.447 seconds
Domain Reload Profiling: 2891ms
	BeginReloadAssembly (274ms)
		ExecutionOrderSort (0ms)
		DisableScriptedObjects (11ms)
		BackupInstance (0ms)
		ReleaseScriptingObjects (0ms)
		CreateAndSetChildDomain (37ms)
	RebuildCommonClasses (70ms)
	RebuildNativeTypeToScriptingClass (21ms)
	initialDomainReloadingComplete (55ms)
	LoadAllAssembliesAndSetupDomain (1023ms)
		LoadAssemblies (645ms)
		RebuildTransferFunctionScriptingTraits (0ms)
		AnalyzeDomain (534ms)
			TypeCache.Refresh (455ms)
				TypeCache.ScanAssembly (425ms)
			ScanForSourceGeneratedMonoScriptInfo (55ms)
			ResolveRequiredComponents (20ms)
	FinalizeReload (1448ms)
		ReleaseScriptCaches (0ms)
		RebuildScriptCaches (0ms)
		SetupLoadedEditorAssemblies (1121ms)
			LogAssemblyErrors (0ms)
			InitializePlatformSupportModulesInManaged (32ms)
			SetLoadedEditorAssemblies (10ms)
			RefreshPlugins (0ms)
			BeforeProcessingInitializeOnLoad (174ms)
			ProcessInitializeOnLoadAttributes (749ms)
			ProcessInitializeOnLoadMethodAttributes (144ms)
			AfterProcessingInitializeOnLoad (11ms)
			EditorAssembliesLoaded (0ms)
		ExecutionOrderSort2 (0ms)
		AwakeInstancesAfterBackupRestoration (11ms)
Launched and connected shader compiler UnityShaderCompiler.exe after 0.08 seconds
Refreshing native plugins compatible for Editor in 9.13 ms, found 3 plugins.
Preloading 0 native plugins for Editor in 0.00 ms.
Unloading 6528 Unused Serialized files (Serialized files now loaded: 0)
Unloading 42 unused Assets / (2.2 MB). Loaded Objects now: 7001.
Memory consumption went from 264.0 MB to 261.7 MB.
Total: 8.365800 ms (FindLiveObjects: 0.995100 ms CreateObjectMapping: 0.647000 ms MarkObjects: 5.903500 ms  DeleteObjects: 0.817400 ms)

AssetImportParameters requested are different than current active one (requested -> active):
  custom:container-demuxer-ogg: 62fdf1f143b41e24485cea50d1cbac27 -> 
  custom:framework-win-MediaFoundation: 216162199b28c13a410421893ffa2e32 -> 
  custom:container-muxer-webm: aa71ff27fc2769a1b78a27578f13a17b -> 
  custom:video-decoder-webm-vp8: 9c59270c3fd7afecdb556c50c9e8de78 -> 
  custom:SearchIndexIgnoredProperties: e643bd26f0fe6173181afceb89e7c659 -> 
  custom:AudioImporter_EditorPlatform: d09bf68614088b80899f8185d706f6e7 -> 
  custom:audio-decoder-ogg-vorbis: bf7c407c2cedff20999df2af8eb42d56 -> 
  custom:audio-encoder-webm-vorbis: bf7c407c2cedff20999df2af8eb42d56 -> 
  custom:video-codec-MediaFoundation-h265: 746d11721c4dcdbdad8f713fa42b33f4 -> 
  custom:video-decoder-ogg-theora: a1e56fd34408186e4bbccfd4996cb3dc -> 
  custom:CustomObjectIndexerAttribute: 3ead1caaecf1c488f20bcfeb224b6af5 -> 
  custom:container-demuxer-webm: 4f35f7cbe854078d1ac9338744f61a02 -> 
  custom:scripting/monoscript/fileName/GlobalInstancingRenderer.cs: b7de95a3be26a94daf40600851500d60 -> 
  custom:video-encoder-webm-vp8: eb34c28f22e8b96e1ab97ce403110664 -> 
  custom:scripting/monoscript/fileName/ChunkPopulator.cs: 7173d01b16c85aa55a51e45e2d67c158 -> 2d99c558aa914fdfd96e3acbc577ed58
========================================================================
Received Prepare
Caller must complete domain reload
Begin MonoManager ReloadAssembly
- Loaded All Assemblies, in  0.998 seconds
Native extension for WindowsStandalone target not found
Native extension for Android target not found
[Package Manager] Server::EnsureServerProcessIsRunning -- launch failed, reason: Unity was launched with the -noUpm command-line argument
[Package Manager] UpmClient::Send -- Unable to send message (not connected to UPM process).
[Package Manager] Cannot connect to Unity Package Manager local server
Mono: successfully reloaded assembly
- Finished resetting the current domain, in  3.134 seconds
Domain Reload Profiling: 4127ms
	BeginReloadAssembly (304ms)
		ExecutionOrderSort (0ms)
		DisableScriptedObjects (12ms)
		BackupInstance (0ms)
		ReleaseScriptingObjects (0ms)
		CreateAndSetChildDomain (73ms)
	RebuildCommonClasses (66ms)
	RebuildNativeTypeToScriptingClass (22ms)
	initialDomainReloadingComplete (61ms)
	LoadAllAssembliesAndSetupDomain (539ms)
		LoadAssemblies (649ms)
		RebuildTransferFunctionScriptingTraits (0ms)
		AnalyzeDomain (48ms)
			TypeCache.Refresh (13ms)
				TypeCache.ScanAssembly (0ms)
			ScanForSourceGeneratedMonoScriptInfo (0ms)
			ResolveRequiredComponents (31ms)
	FinalizeReload (3136ms)
		ReleaseScriptCaches (0ms)
		RebuildScriptCaches (0ms)
		SetupLoadedEditorAssemblies (1241ms)
			LogAssemblyErrors (0ms)
			InitializePlatformSupportModulesInManaged (32ms)
			SetLoadedEditorAssemblies (10ms)
			RefreshPlugins (0ms)
			BeforeProcessingInitializeOnLoad (189ms)
			ProcessInitializeOnLoadAttributes (824ms)
			ProcessInitializeOnLoadMethodAttributes (172ms)
			AfterProcessingInitializeOnLoad (14ms)
			EditorAssembliesLoaded (1ms)
		ExecutionOrderSort2 (0ms)
		AwakeInstancesAfterBackupRestoration (28ms)
Refreshing native plugins compatible for Editor in 16.17 ms, found 3 plugins.
Preloading 0 native plugins for Editor in 0.00 ms.
Unloading 6320 Unused Serialized files (Serialized files now loaded: 0)
Unloading 35 unused Assets / (2.2 MB). Loaded Objects now: 7006.
Memory consumption went from 225.3 MB to 223.0 MB.
Total: 10.157700 ms (FindLiveObjects: 1.208800 ms CreateObjectMapping: 0.413600 ms MarkObjects: 7.275100 ms  DeleteObjects: 1.257000 ms)

Prepare: number of updated asset objects reloaded= 0
AssetImportParameters requested are different than current active one (requested -> active):
  custom:container-demuxer-ogg: 62fdf1f143b41e24485cea50d1cbac27 -> 
  custom:framework-win-MediaFoundation: 216162199b28c13a410421893ffa2e32 -> 
  custom:container-muxer-webm: aa71ff27fc2769a1b78a27578f13a17b -> 
  custom:video-decoder-webm-vp8: 9c59270c3fd7afecdb556c50c9e8de78 -> 
  custom:SearchIndexIgnoredProperties: e643bd26f0fe6173181afceb89e7c659 -> 
  custom:AudioImporter_EditorPlatform: d09bf68614088b80899f8185d706f6e7 -> 
  custom:audio-decoder-ogg-vorbis: bf7c407c2cedff20999df2af8eb42d56 -> 
  custom:audio-encoder-webm-vorbis: bf7c407c2cedff20999df2af8eb42d56 -> 
  custom:video-codec-MediaFoundation-h265: 746d11721c4dcdbdad8f713fa42b33f4 -> 
  custom:video-decoder-ogg-theora: a1e56fd34408186e4bbccfd4996cb3dc -> 
  custom:CustomObjectIndexerAttribute: 3ead1caaecf1c488f20bcfeb224b6af5 -> 
  custom:container-demuxer-webm: 4f35f7cbe854078d1ac9338744f61a02 -> 
  custom:scripting/monoscript/fileName/GlobalInstancingRenderer.cs: b7de95a3be26a94daf40600851500d60 -> 
  custom:video-encoder-webm-vp8: eb34c28f22e8b96e1ab97ce403110664 -> 
  custom:scripting/monoscript/fileName/ChunkPopulator.cs: 7173d01b16c85aa55a51e45e2d67c158 -> 2d99c558aa914fdfd96e3acbc577ed58
========================================================================
Received Import Request.
  Time since last request: 29955.199942 seconds.
  path: Assets/URP_WasteOvergrowth_SA/Prefabs/TrashGroup/Prefab_TrashGroup_8.prefab
  artifactKey: Guid(54e875ec4eab3eb468fee4d68590267f) Importer(815301076,1909f56bfc062723c751e8b465ee728b)
Start importing Assets/URP_WasteOvergrowth_SA/Prefabs/TrashGroup/Prefab_TrashGroup_8.prefab using Guid(54e875ec4eab3eb468fee4d68590267f) Importer(815301076,1909f56bfc062723c751e8b465ee728b) [PhysX] Initialized MultithreadedTaskDispatcher with 12 workers.
[PhysX] Initialized MultithreadedTaskDispatcher with 12 workers.
 -> (artifact id: 'a41c7a14e6a2ee509ce760909530fa89') in 0.753750 seconds
Number of updated asset objects reloaded before import = 0
Number of asset objects unloaded after import = 997
========================================================================
Received Import Request.
  Time since last request: 0.000055 seconds.
  path: Assets/URP_WasteOvergrowth_SA/Prefabs/TrashGroup/Prefab_TrashGroup_10.prefab
  artifactKey: Guid(fcc4698059741694b8109a050668ff83) Importer(815301076,1909f56bfc062723c751e8b465ee728b)
Start importing Assets/URP_WasteOvergrowth_SA/Prefabs/TrashGroup/Prefab_TrashGroup_10.prefab using Guid(fcc4698059741694b8109a050668ff83) Importer(815301076,1909f56bfc062723c751e8b465ee728b) [PhysX] Initialized MultithreadedTaskDispatcher with 12 workers.
[PhysX] Initialized MultithreadedTaskDispatcher with 12 workers.
 -> (artifact id: 'cb6d240ce8f0d2bfbb05572c07ae5e1a') in 0.135863 seconds
Number of updated asset objects reloaded before import = 0
Number of asset objects unloaded after import = 591
========================================================================
Received Import Request.
  Time since last request: 1.015811 seconds.
  path: Assets/URP_WasteOvergrowth_SA/Prefabs/TrashGroup/Prefab_TrashGroup_5.prefab
  artifactKey: Guid(3da04da5b261a594eb3a0cd540585bb7) Importer(815301076,1909f56bfc062723c751e8b465ee728b)
Start importing Assets/URP_WasteOvergrowth_SA/Prefabs/TrashGroup/Prefab_TrashGroup_5.prefab using Guid(3da04da5b261a594eb3a0cd540585bb7) Importer(815301076,1909f56bfc062723c751e8b465ee728b) [PhysX] Initialized MultithreadedTaskDispatcher with 12 workers.
[PhysX] Initialized MultithreadedTaskDispatcher with 12 workers.
 -> (artifact id: '91a4cdccc24ea2e02d466fe4e8bb47d9') in 1.186737 seconds
Number of updated asset objects reloaded before import = 0
Number of asset objects unloaded after import = 851
========================================================================
Received Import Request.
  Time since last request: 0.845140 seconds.
  path: Assets/URP_WasteOvergrowth_SA/Prefabs/TrashGroup/Prefab_TrashGroup_12.prefab
  artifactKey: Guid(acab743723ed9fb499a7d4ec7c4578bd) Importer(815301076,1909f56bfc062723c751e8b465ee728b)
Start importing Assets/URP_WasteOvergrowth_SA/Prefabs/TrashGroup/Prefab_TrashGroup_12.prefab using Guid(acab743723ed9fb499a7d4ec7c4578bd) Importer(815301076,1909f56bfc062723c751e8b465ee728b) [PhysX] Initialized MultithreadedTaskDispatcher with 12 workers.
[PhysX] Initialized MultithreadedTaskDispatcher with 12 workers.
 -> (artifact id: 'eb4f8442422963b338548b8a0fb1bea6') in 0.255091 seconds
Number of updated asset objects reloaded before import = 0
Number of asset objects unloaded after import = 1621
========================================================================
Received Import Request.
  Time since last request: 0.791116 seconds.
  path: Assets/URP_WasteOvergrowth_SA/Prefabs/TrashGroup/Prefab_TrashGroup_2.prefab
  artifactKey: Guid(f9a0f8c3fb0ed0e4295942a9cbc2a182) Importer(815301076,1909f56bfc062723c751e8b465ee728b)
Start importing Assets/URP_WasteOvergrowth_SA/Prefabs/TrashGroup/Prefab_TrashGroup_2.prefab using Guid(f9a0f8c3fb0ed0e4295942a9cbc2a182) Importer(815301076,1909f56bfc062723c751e8b465ee728b) [PhysX] Initialized MultithreadedTaskDispatcher with 12 workers.
[PhysX] Initialized MultithreadedTaskDispatcher with 12 workers.
 -> (artifact id: 'd161c08f684535383aab3dd9e15dbd75') in 0.109509 seconds
Number of updated asset objects reloaded before import = 0
Number of asset objects unloaded after import = 524
========================================================================
Received Import Request.
  Time since last request: 0.000061 seconds.
  path: Assets/URP_WasteOvergrowth_SA/Prefabs/TrashGroup/Prefab_TrashGroup_4.prefab
  artifactKey: Guid(624e5c23e65838048a6fb40fa47190a3) Importer(815301076,1909f56bfc062723c751e8b465ee728b)
Start importing Assets/URP_WasteOvergrowth_SA/Prefabs/TrashGroup/Prefab_TrashGroup_4.prefab using Guid(624e5c23e65838048a6fb40fa47190a3) Importer(815301076,1909f56bfc062723c751e8b465ee728b) [PhysX] Initialized MultithreadedTaskDispatcher with 12 workers.
[PhysX] Initialized MultithreadedTaskDispatcher with 12 workers.
 -> (artifact id: '7c88e5aaa38bdc1b669487f47e99e3cd') in 0.072091 seconds
Number of updated asset objects reloaded before import = 0
Number of asset objects unloaded after import = 179
========================================================================
Received Import Request.
  Time since last request: 44.867107 seconds.
  path: Assets/URP_WasteOvergrowth_SA/Prefabs/TrashContainer/Prefab_TrashCart.prefab
  artifactKey: Guid(70be6eeb08c5ae845948539c7779666e) Importer(815301076,1909f56bfc062723c751e8b465ee728b)
Start importing Assets/URP_WasteOvergrowth_SA/Prefabs/TrashContainer/Prefab_TrashCart.prefab using Guid(70be6eeb08c5ae845948539c7779666e) Importer(815301076,1909f56bfc062723c751e8b465ee728b) [PhysX] Initialized MultithreadedTaskDispatcher with 12 workers.
[PhysX] Initialized MultithreadedTaskDispatcher with 12 workers.
 -> (artifact id: '397f4f0d2e163e2f1c7878702f837bc9') in 0.036921 seconds
Number of updated asset objects reloaded before import = 0
Number of asset objects unloaded after import = 48
========================================================================
Received Import Request.
  Time since last request: 2.124889 seconds.
  path: Assets/URP_WasteOvergrowth_SA/Prefabs/Trashbag/Prefab_Bag_G.prefab
  artifactKey: Guid(fd9efd1339d6937448e34e62640f6621) Importer(815301076,1909f56bfc062723c751e8b465ee728b)
Start importing Assets/URP_WasteOvergrowth_SA/Prefabs/Trashbag/Prefab_Bag_G.prefab using Guid(fd9efd1339d6937448e34e62640f6621) Importer(815301076,1909f56bfc062723c751e8b465ee728b) [PhysX] Initialized MultithreadedTaskDispatcher with 12 workers.
[PhysX] Initialized MultithreadedTaskDispatcher with 12 workers.
 -> (artifact id: '5f5e7f0d64d422438ca72b253488a14a') in 0.050588 seconds
Number of updated asset objects reloaded before import = 0
Number of asset objects unloaded after import = 31
========================================================================
Received Import Request.
  Time since last request: 0.000041 seconds.
  path: Assets/URP_WasteOvergrowth_SA/Prefabs/Trashbag/Prefab_Trashbag_2.prefab
  artifactKey: Guid(b5c12635e1e51bd44823dc3c6fd9eba4) Importer(815301076,1909f56bfc062723c751e8b465ee728b)
Start importing Assets/URP_WasteOvergrowth_SA/Prefabs/Trashbag/Prefab_Trashbag_2.prefab using Guid(b5c12635e1e51bd44823dc3c6fd9eba4) Importer(815301076,1909f56bfc062723c751e8b465ee728b) [PhysX] Initialized MultithreadedTaskDispatcher with 12 workers.
[PhysX] Initialized MultithreadedTaskDispatcher with 12 workers.
 -> (artifact id: 'e72c7fd099ec874324532db67335f22c') in 0.045312 seconds
Number of updated asset objects reloaded before import = 0
Number of asset objects unloaded after import = 30
========================================================================
Received Import Request.
  Time since last request: 0.000051 seconds.
  path: Assets/URP_WasteOvergrowth_SA/Prefabs/Trashbag/Prefab_TrashBag.prefab
  artifactKey: Guid(9cd1746789b311d4c9e0add4969236f1) Importer(815301076,1909f56bfc062723c751e8b465ee728b)
Start importing Assets/URP_WasteOvergrowth_SA/Prefabs/Trashbag/Prefab_TrashBag.prefab using Guid(9cd1746789b311d4c9e0add4969236f1) Importer(815301076,1909f56bfc062723c751e8b465ee728b) [PhysX] Initialized MultithreadedTaskDispatcher with 12 workers.
[PhysX] Initialized MultithreadedTaskDispatcher with 12 workers.
 -> (artifact id: '43b645fa141daa6834248d8a2f3ab395') in 0.042289 seconds
Number of updated asset objects reloaded before import = 0
Number of asset objects unloaded after import = 32
========================================================================
Received Import Request.
  Time since last request: 32.024719 seconds.
  path: Assets/URP_WasteOvergrowth_SA/textures/Bottles/Tex_ Bottle _Bottle_opacque_N.png
  artifactKey: Guid(6ab818b077eaa9544a428572d4fca363) Importer(815301076,1909f56bfc062723c751e8b465ee728b)
Start importing Assets/URP_WasteOvergrowth_SA/textures/Bottles/Tex_ Bottle _Bottle_opacque_N.png using Guid(6ab818b077eaa9544a428572d4fca363) Importer(815301076,1909f56bfc062723c751e8b465ee728b) [PhysX] Initialized MultithreadedTaskDispatcher with 12 workers.
[PhysX] Initialized MultithreadedTaskDispatcher with 12 workers.
 -> (artifact id: 'a7b5014267053139b0cd2e18e648a662') in 0.063506 seconds
Number of updated asset objects reloaded before import = 0
Number of asset objects unloaded after import = 2
Editor requested this worker to shutdown with reason: Scaling down because of idle timeout
TcpMessagingSession - receive error: operation aborted. errorcode: 995, details: L’opération d’entrée/sortie a été abandonnée en raison de l’arręt d’un thread ou ŕ la demande d’une application.
AssetImportWorker is now disconnected from the server
Process exiting
Exiting without the bug reporter. Application will terminate with return code 0